           1  -1.2550069081227495        1.2225550023588605       -105.00254981694954     
           2  -1.2277355770806517        1.3977728343750400       -49.486045889621536     
           3  -1.1820554525064313        1.5889672932585686        14.276967277659184     
           4  -1.1363727292768870        1.7959056637808308        82.538760644214364     
           5  -1.1452863318585071        1.7316627130404856        62.400911344934684     
           6  -1.2299025013333920        1.3340179618796977       -68.135108595981919     
           7  -1.2329460168496851        1.3200413810933405       -72.737120495342737     
           8  -1.2229353273692012        1.3090791135084643       -73.867059052067574     
           9  -1.2443885685941627        1.3251586943441418       -73.563541344009352     
          10  -1.1875086845849858        1.6149454006680701        20.608637264662725     
          11  -1.2211486482973313        1.4882222178735243       -22.325979133390948     
          12  -1.2265371413470572        1.4557064976653387       -32.693883517103266     
          13  -1.1760867378559106        1.6800186151723142        41.485373611690470     
          14  -1.1831677962385143        1.6298307042946958        25.729758827278722     
          15  -1.1956741469151428        1.4909462932897619       -16.452771595170958     
          16  -1.1992896553606420        1.5523990999626684       0.38207147941689179     
          17  -1.1961696364551255        1.5936347584289929        12.787691965184205     
          18  -1.2170245944129763        1.4635807448154619       -28.541589230251887     
          19  -1.2145210633984334        1.5888866701428739        7.7608099233459527     
          20  -1.2559816976489688        1.3647761320244303       -64.562899246316547     
          21  -1.2063949182827911        1.6532515887680883        27.776015696535399     
          22  -1.2157398553876748        1.6722152048341552        31.325204294434918     
          23  -1.2077385449930331        1.7237935433419989        47.662134518461556     
          24  -1.1549158766845569        1.9470910396358960        122.02595283555594     
          25  -1.3327487622961189        1.2144701040271058       -122.86089160355378     
          26  -1.3284368568611080        1.1719127639846840       -134.15775052867212     
          27  -1.2448782758337866        1.5174206243212256       -18.729502798481583     
          28  -1.1850697727732655        1.6769388233614098        38.808826110817947     
          29  -1.2397480172627240        1.4621403004005764       -33.497829347311836     
          30  -1.2496633499878353        1.2728698704074490       -89.558161604656320     
          31  -1.2675633517165230        1.2754804091191005       -92.392293747064898     
          32  -1.2846621889401399        1.1565519298892617       -129.79162668602785     
          33  -1.2731781253932217        1.2239952385287818       -108.22529722249558     
          34  -1.2029771052749088        1.4571587825721839       -27.566937757861069     
          35  -1.2249689271646913        1.3836983271102017       -52.954003696383865     
          36  -1.2581359341271874        1.4479310671617731       -41.235193645576992     
          37  -1.2004619844295037        1.6045182553690400        15.038792924607321     
          38  -1.2040032868530861        1.5768791604613079        6.4336481805388051     
          39  -1.2010192241429141        1.6360312801403112        23.931066345145648     
          40  -1.1996995250919200        1.6528853996782764        29.010468880477362     
          41  -1.1495624864109790        1.8041005287090977        82.242199196900373     
          42  -1.1849193817522585        1.6105468775973486        19.869776953859031     
          43  -1.1000183386104838        2.0109980049348457        151.26459339292728     
          44  -1.1904655609775412        1.6259012161354229        23.147494976823726     
          45  -1.1800069842264558        1.6774358283009863        39.963385231487536     
          46  -1.1744570470514564        1.6646316987981515        37.415049951391623     
          47  -1.1749228621267587        1.6437263188050133        31.348921224006030     
          48  -1.2304496931305509        1.4001607000946066       -49.346621751154373     
          49  -1.2609979109657998        1.1877584282280282       -116.14262870865510     
          50  -1.0221963958572318        2.0251547791127198        170.87377456582755     
          51  -1.0702614909835448        1.8418532505111245        108.88889022582342     
          52  -1.0979251094108458        1.8752447404509349        112.89659223745193     
          53  -1.1922005687161663        1.5007437124974079       -12.958793324619581     
          54  -1.1652725526731629        1.5464860631759680        5.4960529349983815     
          55  -1.0944299304548963        1.8685768455253624        111.69051519276421     
          56  -1.1446298571749858        1.6013227700906139        25.292222581675343     
          57  -1.1860968785741723        1.4787443956353064       -18.023574399678392     
          58  -1.1721098592965504        1.5086366849207724       -6.6855164625921937     
          59  -1.0549588567829125        1.9902384186018172        154.34517937757678     
          60  -1.0246580801033605        2.1232502664120521        198.40871980212549     
          61  -1.1362240855733401        1.7938410161889544        81.978590072958895     
          62  -1.1238808331238166        1.7589991121251722        74.492410830354331     
          63  -1.1238938086112102        1.7421748964388908        69.682896965366552     
          64  -1.1316144243090547        1.7236090551200813        62.834247734709180     
          65  -1.1448734763850619        1.6637451889181685        43.078475547532513     
          66  -1.1602852841380260        1.5752391262929539        14.708667532592759     
          67  -1.2686595640087441        1.2587348475814786       -97.395982359115280     
          68  -1.2275385115045760        1.3969901471883821       -49.670257684880802     
          69  -1.2239953949712774        1.3708112255810685       -56.441326266024859     
          70  -1.2535395013058581        1.3733750712031148       -61.617620212356357     
          71  -1.2578424056201227        1.3240917179030955       -76.559159160928999     
          72  -1.2680258787092800        1.2070374371148564       -112.03993400397177     
          73  -1.2786207019191820        1.1991809885537901       -116.40359823482825     
          74  -1.2198909597256153        1.3644882401052827       -57.427006495688573     
          75  -1.2377883035378250        1.2508510680021943       -93.474238716155682     
          76  -1.1863310768856998        1.5592134059379734        4.9207317387776204     
          77  -1.2005681704911380        1.5281821317800601       -6.7927653131425600     
          78  -1.1566886160490468        1.5821920248862968        17.414543605628918     
          79  -1.1950771818195294        1.4466843345327953       -28.979652506610808     
          80  -1.2165441519942917        1.3752137895695327       -53.693202245352730     
          81  -1.2299508272457269        1.3940345404654257       -50.997179896813059     
          82  -1.2065699289783931        1.5862524773899527        8.5984103065186304     
          83  -1.2184032975441299        1.5791936987347859        4.2149426918950326     
          84  -1.2851432886289411        1.3571397905881799       -72.577029281240399     
          85  -1.2973783382518009        1.2608988807677046       -102.52144201166250     
          86  -1.3003527548599620        1.1196221527358754       -143.48110477096000     
          87  -1.2092900921241110        1.5224075418623200       -10.187032473376933     
          88  -1.3166050230584259       0.98235680071043752       -185.95023041792052     
          89  -1.3312233303665757       0.83460956565705091       -231.08738760908938     
          90  -1.3416766264565902       0.80470893354679496       -241.72108457287962     
          91  -1.3293903391613826       0.95985606090897169       -194.93607643893037     
          92  -1.3250238149525209        1.0345297507119990       -172.72743165343581     
          93  -1.2853498967116637        1.2997124889755438       -89.026151358537234     
          94  -1.3856301712672481       0.92964978724914493       -214.81440676291089     
          95  -1.3231012295322655        1.1056225574214877       -152.03068408095925     
          96  -1.3224906075953817        1.0693490567149362       -162.27241703831146     
          97  -1.2226464912682544        1.3744276978704684       -55.138267728448213     
          98  -1.2583296154496404        1.2798273003224636       -89.303577578441036     
          99  -1.2645156234747332        1.2893168784674729       -87.829471142028311     
         100  -1.2749423247239990        1.2122068743674796       -111.94624113473665     
         101  -1.2474515007229454        1.4547735616946789       -37.143308526754815     
         102  -1.2045545302452938        1.7357914102434331        51.726899439847969     
         103  -1.2397028505483296        1.4951262782736070       -24.064230897852390     
         104  -1.2877564709011293        1.3480570246331662       -75.694741722824048     
         105  -1.3417127285416617        1.0029220782407329       -185.09597793448285     
         106  -1.3337380061596764        1.0403990998901802       -172.79331298681504     
         107  -1.3126104515323498        1.0949778502805103       -152.97387337839845     
         108  -1.3249963767628836       0.92151079521994350       -205.01307415609577     
         109  -1.2892206679960327        1.1821072287002867       -123.40180855119912     
         110  -1.1855790866352875        1.5795160335045868        10.871880522178405     
         111  -1.0898885290504585        1.9250386114048366        128.73072858207260     
         112  -1.1207957646614712        1.9251023869536918        122.56750304525724     
         113  -1.2837227423586821        1.3209558190126172       -82.631197620206322     
         114  -1.3088366898848471        1.1260114995611634       -143.35236411156887     
         115  -1.3177122852899827        1.2535081874494782       -108.69985808164871     
         116  -1.3270892451079797        1.2117134575260542       -122.51660145194062     
         117  -1.2879051173900842        1.3696534808696286       -69.554054953054560     
         118  -1.2099244784903780        1.6080214722297097        14.147213215481141     
         119  -1.2655369385863351        1.3227453714218305       -78.482736177390109     
         120  -1.2553331970571247        1.3290125796552539       -74.651356947712671     
         121  -1.2149787754296053        1.4791660279500289       -23.679487395130373     
         122  -1.2619552062590507        1.2520245796634832       -97.972330214318248     
         123  -1.1801144822472254        1.6698269678378794        37.767925495017124     
         124  -1.2077674389829345        1.5009000138501480       -16.027509848619353     
         125  -1.2687063133412186        1.2091680246096934       -111.56728164612031     
         126  -1.1982882485653636        1.5869798193609401        10.462558380835368     
         127  -1.2391556675147073        1.3401109486227376       -68.244888477091237     
         128  -1.1199929645004694        1.8374816671681737        97.693571710166651     
         129  -1.1962509397239818        1.4861777724226901       -17.930564690388383     
         130  -1.1983770352270795        1.4824012790559169       -19.434781895800334     
         131  -1.2135800249995570        1.4203537487677296       -40.203245646920749     
         132  -1.2187049517714106        1.3507473390109628       -61.115776646081841     
         133  -1.2677747198233851        1.1489350667164544       -128.59037948347927     
         134  -1.2573330227324886        1.1199585057844577       -134.78105747444178     
         135  -1.3043982895260364        1.0064102545625946       -176.63646832511219     
         136  -1.3365359341425067       0.83663215703992155       -231.57202511202709     
         137  -1.3137201762189934       0.90448930400911154       -207.62111725041314     
         138  -1.3009914361288317       0.96834669733846357       -186.83039970970879     
         139  -1.2622093618344847       0.98768647148866839       -173.54833509363795     
         140  -1.2562379632735252        1.0054585771796289       -167.27631089831456     
         141  -1.2072286377095998        1.2759764538648433       -80.183623875468101     
         142  -1.1878072453384969        1.4645921115162663       -22.409157500840937     
         143  -1.1061337954803585        1.7998893229713053        89.724735743654975     
         144  -1.1666255781340502        1.6462426397100713        33.727326852564175     
         145  -1.1251114957966775        1.7320271176178308        66.539994150827013     
         146  -1.0971807314568971        1.8688263549271558        111.21164339287589     
         147  -1.0990882576940977        1.9315262752140618        128.74440108455175     
         148  -1.0724415199030495        2.0488187372625877        167.58588065662602     
         149  -1.1769948920131370        1.6500658823959384        32.745819129851547     
         150  -1.2266004038057341        1.4007901998684653       -48.396906807945882     
         151  -1.2622972957327934        1.2267724170250842       -105.25565172003814     
         152  -1.3342706051206272       0.90402541423465355       -211.86374296629938     
         153  -1.3541574625206898       0.97041709052900016       -196.87206407649870     
         154  -1.3218548096649254        1.1399910770592523       -141.96182306813111     
         155  -1.2944829419736532        1.1476479854704293       -134.29976141239766     
         156  -1.3701417889003207       0.84947302562709903       -234.62437646725405     
         157  -1.3369731851208055       0.98162010559243229       -190.23434714982733     
         158  -1.3169518081232581       0.98180682350791826       -186.17672377446473     
         159  -1.3378426609518612       0.93456090673603986       -203.85372770357918     
         160  -1.3415968555760815       0.92789966831436366       -206.50777760604490     
         161  -1.3383417445315842       0.93707984409458622       -203.23384803136781     
         162  -1.2890824246933987        1.1378779153284033       -136.01110656835436     
         163  -1.2862752690528629        1.1862816162478713       -121.62004660611353     
         164  -1.3251079337955098        1.0059279710087636       -180.91619248010224     
         165  -1.3018551361842925        1.0960193644380392       -150.52523483520852     
         166  -1.3087570336261753        1.0996499854492148       -150.86829403467780     
         167  -1.3092479581569321        1.0024562074718151       -178.73612979151471     
         168  -1.2576395062566439        1.1985698254487440       -112.38197713233431     
         169  -1.2066492552173735        1.3931187703808980       -46.598514086721934     
         170  -1.1957596430234427        1.4239363797275126       -35.615560406045944     
         171  -1.1486550734922409        1.5541549285437226        11.010653161968646     
         172  -1.1806317432201761        1.4506804329925223       -24.948822369675611     
         173  -1.0462888917293447        1.9723683532600267        150.97343943349190     
         174  -1.1655515845467375        1.6087587510616619        23.232443099052016     
         175  -1.2172639470019277        1.4433245959662930       -34.376930847805809     
         176  -1.2425368726899397        1.3301100162466486       -71.778538762449500     
         177  -1.1907325768207584        1.5368808172108583       -2.3403078845533258     
         178  -1.1977386133925523        1.5847309055906427        9.9299386238833964     
         179  -1.2564807255002466        1.2925848823439519       -85.288776153852865     
         180  -1.1465479064305115        1.7410502067339213        64.830737485799716     
         181  -1.1715130408865635        1.4772861901549199       -15.523436999411121     
         182  -1.2269040759113705        1.2293541984122478       -97.439355930850169     
         183  -1.2622980136336575        1.0880676424708204       -144.88573088714401     
         184  -1.2789346679039040       0.96454661090403349       -183.50478504598959     
         185  -1.2867624321768480       0.99886986949369971       -175.26369258924524     
         186  -1.2819929745913761        1.0290490219659143       -165.68718608008942     
         187  -1.2821455010679736        1.0527699270533781       -158.94028992184784     
         188  -1.2694021460203733        1.3175607184851712       -80.737107074672664     
         189  -1.2552151929211428        1.3546122421531079       -67.313566835416069     
         190  -1.2918165605194849        1.2215646841359977       -112.64742835997309     
         191  -1.2520564150194919        1.4161867572477680       -49.089092656611676     
         192  -1.2050767628812822        1.6064507693867098        14.667984096442387     
         193  -1.1854450872056963        1.6248285699947680        23.845119405290376     
         194  -1.1648183186172905        1.6255251987450563        28.169509908768227     
         195  -1.1402453477700556        1.6606415216216777        43.117339185821187     
         196  -1.1411258321586337        1.6190340895869475        31.053404583896885     
         197  -1.1653679687181944        1.5277745439541306       0.13082137689419771     
         198  -1.1283686989050694        1.8205202952059574        91.172318554326921     
         199  -1.0959682794630239        1.9657763014401179        139.15411850963915     
         200  -1.1536094953548417        1.7564388309771843        67.815169484723029     
         201  -1.1974433502148656        1.5738604576550752        6.8831489921157676     
         202  -1.1964093799377395        1.6564076443757243        30.674853539154910     
         203  -1.1220235309819371        1.8167070075852829        91.351841390189392     
         204  -1.0250237569725662        2.2784134298313545        242.66791683379816     
         205  -1.0384104777005490        2.2667076147210716        236.64605408526370     
         206  -1.0474553006173490        2.3328603938226777        253.73788353093397     
         207  -1.1726868026461734        1.8490837480231399        90.469684325301216     
         208  -1.2092451570176213        1.7431738047385161        52.898029655404834     
         209  -1.1731426906629983        1.9351939324590297        114.98141656076189     
         210  -1.1347482444153845        2.0298893755949745        149.71614670626889     
         211  -1.1976205812369436        1.8431441601540068        83.785903501680465     
         212  -1.2846977068196863        1.4692294809025628       -40.462287115280738     
         213  -1.2024357267673647        1.7017402586500736        42.421759680186796     
         214  -1.2571771377661018        1.4631922675689479       -36.683091399882379     
         215  -1.1879883948467940        1.7393083407625227        56.044963810714783     
         216  -1.2685153055750593        1.4051688239638418       -55.528851705989887     
         217  -1.3146923805094486        1.1443721991916953       -139.27758805633803     
         218  -1.3295719944697970        1.0067673407578184       -181.56918468665822     
         219  -1.3192944051680271        1.0560003120697443       -165.44710359432545     
         220  -1.3368806802335558        1.0053260381084039       -183.44272259638541     
         221  -1.2461476258755968        1.3380321826658894       -70.237213279797714     
         222  -1.2052181708752721        1.6508139208380419        27.314888626596428     
         223  -1.2300635320076230        1.5360929142795177       -10.431614045166402     
         224  -1.2838062937105212        1.3306009293265166       -79.892162086603534     
         225  -1.2755305837791113        1.2196375475672769       -109.94084346010452     
         226  -1.2579032252899642        1.3381956712645979       -72.541622134469236     
         227  -1.1992723119918818        1.5461620810369163       -1.3964652541904350     
         228  -1.2086490722858629        1.5162800749362950       -11.809533341735619     
         229  -1.2020790506438339        1.6859855472411283        37.991748788051126     
         230  -1.1920818089505136        1.7239627666568185        50.841831245483739     
         231  -1.1611376166712504        1.8171468283395036        83.654687324960690     
         232  -1.1610747946245963        1.7303987861248269        58.882096815812446     
         233  -1.2173818499487747        1.4477774538528529       -33.128266326730149     
         234  -1.2626867309278873        1.2103454823158240       -110.02694867598956     
         235  -1.2121330143706626        1.4101714444641169       -42.823073322175048     
         236  -1.0710033345142376        1.9534225581505964        140.61746655953263     
         237  -1.0810778453248329        1.8010370641469937        95.063851824955378     
         238  -1.2005896740519044        1.4693185214863991       -23.615240394914419     
         239  -1.1579250855146344        1.6944322692546618        49.235890960614704     
         240  -1.2222515125001800        1.3587870345821598       -59.528032914352245     
         241  -1.2845592453738310        1.1227858043989469       -139.41850239857180     
         242  -1.3339597509408787       0.94728934102807183       -199.44045018937427     
         243  -1.3115080492575899        1.1620663487694993       -133.58525049802279     
         244  -1.2677201602632200        1.2910322320648968       -87.980277471892251     
         245  -1.2756995971961111        1.2084791538450657       -113.16275863556514     
         246  -1.1915652122498936        1.4799076750197631       -18.784875596408099     
         247  -1.1431257260872174        1.6052131872498971        26.704596559022569     
         248  -1.1832270408503183        1.3752483099984449       -47.019917036869529     
         249  -1.1520693993394215        1.5597741281715727        11.933273600489102     
         250  -1.1919207400663221        1.4180841404287061       -36.519848185710188     
         251  -1.1499711468617955        1.6124291373441435        27.397212431034404     
         252  -1.1577355197319070        1.5751237517569561        15.185656260672770     
         253  -1.1219211277640979        1.6733251636064266        50.406080896940274     
         254  -1.2256720529619687        1.3210866678112942       -70.983674369814565     
         255  -1.2288811572062803        1.2367942555521629       -95.709041578428781     
         256  -1.2519255207874991        1.2273283423788202       -103.02246091562768     
         257  -1.3037637507985218       0.91758254459025057       -201.88890628599492     
         258  -1.3167450461452048       0.93791944057190091       -198.67462364628844     
         259  -1.2885509872506702       0.98780203799164168       -178.78364117602700     
         260  -1.2702806385819896        1.1920496320989280       -116.77311598306616     
         261  -1.1766535889368277        1.5901611334556340        15.698437190739298     
         262  -1.0605883327508803        2.0692782785048163        175.80210129912342     
         263  -1.0653564471196428        2.0064810532533337        156.90641406780455     
         264  -1.0946384080897495        1.8314544031008715        101.04240754450856     
         265  -1.0550685916758391        1.9791441227558793        151.15343358586415     
         266 -0.98283193401830871        2.2506039380525626        243.16071234499410     
         267  -1.1506624477880074        1.7993089764547998        80.653191991693518     
         268  -1.2112933258193166        1.3776950032145412       -51.934118826070950     
         269  -1.2420210134687268        1.3807500623262794       -57.206782324027813     
         270  -1.2648257095262145        1.2634784189054455       -95.273905370049292     
         271  -1.2573703933096194        1.2747212367656955       -90.570608452373278     
         272  -1.2206062731403649        1.6131622281257185        13.479641684341443     
         273  -1.2219688809063651        1.5530801278642474       -3.9591942292789071     
         274  -1.3412148721695056        1.1717894564018112       -136.74858432831732     
         275  -1.2904143687528851        1.3512015482032613       -75.327885987436019     
         276  -1.3173021247720182        1.2833865744761976       -100.08114397042397     
         277  -1.2888839113103518        1.3605049959793227       -72.363666562911945     
         278  -1.3006988190404127        1.2351480378735469       -110.54292185343142     
         279  -1.3295318214296148        1.2370531970282213       -115.76519114422211     
         280  -1.3328215583997400        1.2303402751601502       -118.34111621483906     
         281  -1.3378759446147763        1.0986182476112663       -156.98685847181338     
         282  -1.3503130830866892        1.1329405736015770       -149.66790731182158     
         283  -1.3565001505080887        1.0366124759221880       -178.42763441878421     
         284  -1.3360209079608227        1.2340626697995705       -117.91744480150749     
         285  -1.3275967024821786        1.2378810361945247       -115.14164187864890     
         286  -1.3189654048472494        1.2535008508900205       -108.95257815294993     
         287  -1.2666058523429475        1.4147136558143105       -52.419866245149358     
         288  -1.1952816872686944        1.8423492741164720        84.026571998890418     
         289 -0.98115136775212686        2.7438945656323859        384.43700490675042     
         290  -1.1350222145029927        2.1531804612629979        184.88737716532324     
         291  -1.2206611267781542        1.7254570620629008        45.552909224549083     
         292  -1.2056417070228833        1.6351084521739663        22.742904635907649     
         293  -1.1270062384700030        1.7970227797856728        84.731234806971216     
         294  -1.1889802986814293        1.6202848966666894        21.839884730690628     
         295  -1.2209760949956650        1.5695889548673552       0.95617066803371653     
         296  -1.2160430317370008        1.6942413296599275        37.557747546215765     
         297  -1.2660185267878477        1.4453878673775331       -43.538340687494951     
         298  -1.2553219561260658        1.3961752121839808       -55.459785181867773     
         299  -1.2173262267551788        1.6199130240634967        16.064449800742661     
         300  -1.2044831565486869        1.5778548685184111        6.6164479720164451     
         301  -1.2150141877986715        1.5313776760942106       -8.7689561134663077     
         302  -1.2149071325489800        1.6308083412841559        19.661216419313568     
         303  -1.2211386607972743        1.5415413761696082       -7.0899364059303300     
         304  -1.2005159798318104        1.5852663166775167        9.5274399322792842     
         305  -1.2592714825934954        1.3540629221518188       -68.281773341685778     
         306  -1.2995265425642670        1.2776175838518673       -98.174310564397629     
         307  -1.3337255844540346        1.1578663608406976       -139.22875408839957     
         308  -1.2548068708643492        1.6239826188160522        9.7310623367816440     
         309  -1.2005924156838428        1.8305137246617138        79.582840757357587     
         310  -1.1174655696603668        2.0772860029528228        166.71457518808378     
         311  -1.1027351220331032        2.1587134669912715        192.92565443880773     
         312  -1.2112156472624427        1.7260289710905166        47.605407707010144     
         313  -1.2309808885246007        1.5494132787419364       -6.8092669307300895     
         314  -1.1861739070378072        1.6981991298980115        44.662372554078509     
         315  -1.2666938417546039        1.4177039221388927       -51.583102320457456     
         316  -1.2898224053375413        1.3748232853922975       -68.460425536072123     
         317  -1.3662141964097938        1.0550869864541714       -175.09201201855856     
         318  -1.3699643143027904        1.0397672887332186       -180.21909208885876     
         319  -1.3584250874770396        1.1450343478309561       -147.83494412435502     
         320  -1.3400044153103006        1.1933480397079468       -130.34689772615246     
         321  -1.3373180158606059        1.2551322866172780       -112.15697586211880     
         322  -1.1974336729684780        1.8140784054388204        75.518783808175954     
         323  -1.2879421882604039        1.5274252599237206       -24.483817968809152     
         324  -1.3055396342526329        1.3038572388217149       -91.879884624970842     
         325  -1.3306365780574518        1.2678313072361984       -107.19239669608208     
         326  -1.3203160572009520        1.2246927075507468       -117.45360672062537     
         327  -1.2470086025754306        1.4548021876418822       -37.046550055196654     
         328  -1.2225434415111178        1.4369713120147101       -37.248053735811887     
         329  -1.1987877884694489        1.4873564228632763       -18.101177170744815     
         330  -1.2060107047128119        1.4802191251153742       -21.584988347389427     
         331  -1.1836013989438001        1.5909556957792927        14.535892996103929     
         332  -1.1627564841679057        1.6806715527039942        44.337977929768996     
         333  -1.2198017844003390        1.5212551231066693       -12.618633430238955     
         334  -1.1833065970977963        1.7242187804454472        52.670020412777674     
         335  -1.2016139452790986        1.6262449341430358        21.016023261542212     
         336  -1.1773040648564013        1.7384464722631019        57.935581666100582     
         337  -1.2110127475796202        1.5488507002253276       -2.9763754607643840     
         338  -1.1661685737798912        1.6738670341653112        41.711411853462423     
         339  -1.2097502264298279        1.5244586232061998       -9.6930360934137472     
         340  -1.2453756551543345        1.3171280532577068       -76.055427537884725     
         341  -1.1476372624207039        1.7723293375939411        73.549760819194034     
         342  -1.1978438754507688        1.5810079012650944        8.8451706906535588     
         343  -1.2019982929389796        1.6496429373217010        27.624297494899178     
         344  -1.2255713601397695        1.5669720551330590      -0.71056799915650881     
         345  -1.3106269624362963        1.2316374933566663       -113.53156325171697     
         346  -1.3258464919920019        1.2310233865040576       -116.75092826360331     
         347  -1.3666066121108602        1.0858718289195117       -166.37482588295947     
         348  -1.3627312673448415        1.0482045544016392       -176.36183536343358     
         349  -1.2015994548208586        1.5598956248799076        2.0619758494396505     
         350  -1.1597019591331992        1.7725589718169326        71.202431254692812     
         351  -1.2182173898559205        1.5749535422253647        3.0406509411291136     
         352  -1.2780967914646424        1.3624617960852810       -69.647156849210575     
         353  -1.3113762926724606        1.1377967927533650       -140.49305804275016     
         354  -1.3109426333946763        1.0881833443019553       -154.58159717331029     
         355  -1.2550009732674139        1.2437242540688180       -98.953005214468433     
         356  -1.2459585457514810        1.3580378044599759       -64.483505313808053     
         357  -1.2793854326904821        1.2218466559332617       -110.08063942352648     
         358  -1.3099427381846445        1.0511571695884867       -164.96052519229477     
         359  -1.3067633684044981        1.0074894716981124       -176.80113634780082     
         360  -1.3205080851896562       0.92583496586595815       -202.87993851401933     
         361  -1.2484598456671476        1.1759888788521740       -116.99774404202741     
         362  -1.2064785848086836        1.3887455499424961       -47.813871558814029     
         363  -1.2233405003710980        1.3948372751228770       -49.445761762616748     
         364  -1.1754357501546147        1.5953208162283097        17.416200025089175     
         365  -1.2333132154183446        1.4398264927210962       -38.586242601146381     
         366  -1.2581355115351904        1.2761242665574928       -90.322766442688049     
         367  -1.3328137735788450        1.0086717364021056       -181.67342746724387     
         368  -1.3003004201206629        1.0584502015725474       -160.94833815548108     
         369  -1.2895199721203310        1.1550273759471008       -131.19877016268512     
         370  -1.2757300667899956        1.1917511453564524       -117.94828355108901     
         371  -1.3382934800495880       0.92008843412024244       -208.07888369906755     
         372  -1.3369529881225655       0.95839631126229552       -196.86567755879079     
         373  -1.3278446014866614        1.0520407533002099       -168.28844536363462     
         374  -1.2246370866531620        1.4740360377730073       -27.076861118992706     
         375  -1.3575721120705102       0.90142423136717809       -217.26723946127069     
         376  -1.3100478078027680       0.99522409786588195       -180.96241675094973     
         377  -1.4086571017049945       0.61921661634528014       -308.11498453728132     
         378  -1.3515396997988518       0.96898319720926529       -196.75819533777130     
         379  -1.2510163398041292        1.3665522487384782       -63.062365759051850     
         380  -1.3012070646994156        1.2131633182595374       -116.92591944637800     
         381  -1.2888105421735587        1.4088700976323298       -58.530392263265981     
         382  -1.2472564248385178        1.6230262301493015        10.967897637162594     
         383  -1.2275725726326170        1.7434933924630573        49.323857310844637     
         384  -1.2378293288909936        1.5214902538989201       -16.156962102012777     
         385  -1.2064522337257280        1.6279195420158794        20.526824964457184     
         386  -1.2626999232076002        1.3799428939733029       -61.573183801224737     
         387  -1.1722089463014240        1.6781379973172796        41.723612535432288     
         388  -1.2104868437022571        1.4583463852036325       -28.729570405776361     
         389  -1.0161982119023520        2.1619748975937076        211.16487377994039     
         390  -1.0851803159770426        1.8768307796363082        115.89870497717396     
         391  -1.2040258076565793        1.4973821926267294       -16.284275361470073     
         392  -1.1453221786693364        1.7939598369165013        80.192920233056157     
         393  -1.2195986472241425        1.4978782446627201       -19.257114121842552     
         394  -1.2441670745908822        1.4466991165705652       -38.793407621520487     
         395  -1.2776443288004686        1.2818925929636487       -92.576436636842402     
         396  -1.2925003827384509        1.1406702431742941       -135.89689022139734     
         397  -1.2969986659796171        1.0017337075598842       -176.49269990231923     
         398  -1.2442763667392278        1.2155878655584518       -104.84705205465066     
         399  -1.2251248985985195        1.3629415953915103       -58.915692759920852     
         400  -1.2903787777256193        1.1114126405589333       -143.83188425179128     
         401  -1.3017341644132181        1.1527122956965845       -134.30306012141060     
         402  -1.3036055437821310        1.1430269192090796       -137.44458642019453     
         403  -1.2048227933240119        1.5145414447182186       -11.541029040245295     
         404  -1.1756626203348026        1.6531827507907020        33.902807292591937     
         405  -1.1782986877370505        1.6911679493885587        44.228507697244275     
         406  -1.2174873406778679        1.4153508454883577       -42.414109719548165     
         407  -1.2495685427684498        1.4037301928384476       -52.150536609067487     
         408  -1.1761486316578154        1.6440101191811232        31.184853139538085     
         409  -1.0695561570013528        1.9949883256088385        152.78283562160655     
         410  -1.1244494433588914        1.7557868658944009        73.460904145973799     
         411  -1.1509479556431570        1.7082684619340156        54.584514843296041     
         412  -1.2391472966747628        1.3321820680400933       -70.508608761288471     
         413  -1.2781163894290011        1.2005061621209250       -115.92411471761284     
         414  -1.2426606474989164        1.3920688819238807       -54.100760673608576     
         415  -1.1870371766955623        1.5973901178269430        15.687143745079936     
         416  -1.1433757203088406        1.8738455532659637        103.40670229071598     
         417  -1.2576433789941230        1.3573796506012512       -67.008515921972645     
         418  -1.3065136009071268        1.2461321947382427       -108.56754769400442     
         419  -1.2775524279922050        1.4073617731478203       -56.709719279712232     
         420  -1.2343690277431834        1.5113263999523594       -18.368860142896779     
         421  -1.2448473828078745        1.5079169493831988       -21.438659889880785     
         422  -1.2119920332167322        1.6147502306022596        15.656204662365113     
         423  -1.1801103628516592        1.7567963070760857        62.617132013615738     
         424  -1.2194311088765903        1.5448985328993541       -5.7892383847224771     
         425  -1.1637519421754687        1.8432138194484058        90.579533969516604     
         426  -1.1887026406607932        1.7232280940531799        51.307758445244303     
         427  -1.2213199479465568        1.6927379290384381        36.072821269593923     
         428  -1.2716807478134720        1.4211973852720681       -51.582351208466328     
         429  -1.2575160820208005        1.4477455654510132       -41.164223713090536     
         430  -1.2315197669441704        1.6688712554806424        27.213807882129569     
         431  -1.2081705219557153        1.6612598425292322        29.708967465132027     
         432  -1.1688371924645826        1.8017659831626431        77.720244972904567     
         433  -1.0887865017266081        1.9361750641436373        132.13297768649767     
         434  -1.1458424942879981        1.8242128496012351        88.732575019247662     
         435  -1.1580935870752953        1.7768107013548533        72.738885534250556     
         436  -1.1971267375671721        1.6821738656984924        37.893159534057737     
         437  -1.2082396168691829        1.5529396351369653       -1.2534822010663262     
         438  -1.2499242956394674        1.4477233134071685       -39.652224163636589     
         439  -1.2749575482999871        1.4869861026339277       -33.440934916666528     
         440  -1.3653642669056041        1.0799839288958588       -167.80861399152369     
         441  -1.3868641465130285        1.0099379893976295       -192.12171548393118     
         442  -1.3292347884515345        1.2196227481115895       -120.68591281050098     
         443  -1.3342037980273167        1.1890072019820086       -130.42701361982336     
         444  -1.2933579442855112        1.2303557160824479       -110.44398169990815     
         445  -1.2545980151180411        1.3340562843809396       -73.063262066845098     
         446  -1.1871533436660864        1.6402625391463570        27.913173585093766     
         447  -1.1558678473127415        1.9014254771976227        108.78825515612448     
         448  -1.1853449549105251        1.7613961152466839        62.884444507728098     
         449  -1.2227745150895302        1.5171081943393083       -14.398016358751557     
         450  -1.2654067416317221        1.3774109893469071       -62.837948807876103     
         451  -1.2536079603320582        1.4144590732825819       -49.893025709179071     
         452  -1.2256935763705286        1.4220867255169598       -42.130819707050819     
         453  -1.1850916313252942        1.6481078638257742        30.567037390228599     
         454  -1.1985383460750230        1.5545413548842821        1.1444061712851656     
         455  -1.2222549081984808        1.5679239310760893       0.22468694425280766     
         456  -1.3424080230196038        1.0684632421291635       -166.50899000480777     
         457  -1.2536752114452510        1.4678570956735257       -34.649898105833707     
         458  -1.2692224200901385        1.4626353597453841       -39.251264385708950     
         459  -1.2351935078474421        1.5068921547354543       -19.800683368578206     
         460  -1.2273092423012302        1.4437297589245828       -36.270229062442006     
         461  -1.1630237928595766        1.6353824100424255        31.344761145272404     
         462  -1.2427561136151857        1.3342521782702399       -70.638912083616816     
         463  -1.1944332304671881        1.5436361486374082       -1.1503439205408625     
         464  -1.2827181492133377        1.2093131788862668       -114.32817617009694     
         465  -1.3171766938768474        1.1351755355235380       -142.40206892072146     
         466  -1.2456748036542509        1.3100555963829574       -78.135959202082176     
         467  -1.2222043946434342        1.3975598623252157       -48.440658559273672     
         468  -1.2145843735648498        1.3612390813422746       -57.294020338682699     
         469  -1.1634444338654533        1.6490401120645795        35.162833521855340     
         470  -1.1445098234302622        1.8770624150991899        104.09898504735361     
         471  -1.1729827977020244        1.5823331771557723        14.196036494881934     
         472  -1.1678766081187055        1.5430021760876664        3.9798455349439585     
         473  -1.2124704364903360        1.4147218487257673       -41.590442242781847     
         474  -1.2727609277045968        1.1625134635473608       -125.70807910803590     
         475  -1.2914103898575195        1.0787332781789660       -153.37516735816180     
         476  -1.2767191775945348        1.0673389341004973       -153.69245178512739     
         477  -1.2489840646379213        1.3628612352821656       -63.710485999042213     
         478  -1.2758020386830387        1.1707033643002875       -123.97632966003084     
         479  -1.3241228128928970        1.0320670912453114       -173.25084823199563     
         480  -1.3991165717401532       0.66592008337918251       -292.86303082034112     
         481  -1.3819823622477767       0.82613200772313733       -243.66135339502159     
         482  -1.3818606801217184       0.74973488427479262       -265.46476652647971     
         483  -1.3151492695359874        1.0028117107562231       -179.81481970035347     
         484  -1.2485214583127866        1.1600921247582427       -121.55199631227919     
         485  -1.1573215787333402        1.4744092430324995       -13.507129460887956     
         486  -1.0860274065834910        1.7604665907207637        82.482375737157355     
         487  -1.0590876195373879        1.8544671156822254        114.72762599250986     
         488  -1.1663661892564123        1.4910891547677803       -10.550362498279270     
         489  -1.2089623905216367        1.2898964077652533       -76.553244752046211     
         490  -1.1897433254000185        1.3301564851155407       -61.206552484783309     
         491  -1.2044961740028426        1.2682664269465531       -81.839995967915939     
         492  -1.2544694873649640        1.1107665863695466       -136.83461309091354     
         493  -1.2762920699621676       0.97661598053078680       -179.52787413571423     
         494  -1.2308986217002720        1.0894628313226824       -138.20722711422204     
         495  -1.2062355514480321        1.2033222769963674       -100.74334287129265     
         496  -1.2951922508599998       0.91336447661922660       -201.37976857572647     
         497  -1.2880068408744210       0.99248384718787541       -177.33715213042541     
         498  -1.2803770075640848        1.0231645252503498       -167.04527745050834     
         499  -1.2025301067470671        1.4818007903895956       -20.436964390177550     
         500  -1.1755600413503116        1.6306017514671971        27.471608997059782     
         501  -1.1863676158927587        1.5172901122058020       -7.0646599861139379     
         502  -1.2221724902692670        1.3174025229838866       -71.336374639105685     
         503  -1.2714352846282246        1.0807344397912546       -148.80838585164921     
         504  -1.2554298952435059        1.1973274064056556       -112.29503179916217     
         505  -1.2398327454954015        1.2403958836832323       -96.870322627376453     
         506  -1.1349861125814693        1.5837773527096004        22.207995105800848     
         507  -1.1670640622260664        1.4842558476615377       -12.642310551136505     
         508  -1.1786932969400716        1.4188043164452491       -33.668594984305628     
         509  -1.2169749512706438        1.4355608166568801       -36.537354361382612     
         510  -1.1240012140888687        1.8814506932626005        109.45450067660671     
         511  -1.0906804863563462        1.9313681199546158        130.38076813511555     
         512  -1.1442077507530581        1.8239631374066112        88.988177384914792     
         513  -1.1231022269761941        1.9153541036079311        119.32098676923633     
         514  -1.1337326504183394        1.8199343350660457        89.932111068840086     
         515  -1.1721415862244711        1.7275808156678407        55.863604079555223     
         516  -1.1230713200264986        1.9130095230477282        118.65728799911744     
         517  -1.1616518007090981        1.7105603767831357        53.098578644142449     
         518  -1.2129696093355578        1.5369073503476065       -6.7801334913006297     
         519  -1.2058453824914708        1.4789056382386045       -21.927205867912299     
         520  -1.1917613418410147        1.5640447042532262        5.2150496949278953     
         521  -1.2511879761694791        1.3638100696541213       -63.880172770509020     
         522  -1.2438766386856590        1.3385234165118811       -69.642663314385146     
         523  -1.2098429649065472        1.5597257064409373       0.36472570688187789     
         524  -1.2693585285704518        1.3551917164144029       -69.976669890623171     
         525  -1.2326684316703274        1.5346578791702372       -11.362604008931358     
         526  -1.3002097248053630        1.1867012459813666       -124.28704354704433     
         527  -1.3021857982156986        1.0583046133719807       -161.36701040322163     
         528  -1.3833246634767391       0.68903484415680549       -283.10043180262244     
         529  -1.3673245299339221       0.69837213554876554       -277.23260755349889     
         530  -1.3504783853109286       0.76145659977592239       -255.83924599256960     
         531  -1.3381798284634348        1.0316827946163865       -176.17205038293844     
         532  -1.3640384713398230       0.86837616518084038       -228.00281593980071     
         533  -1.3350011506951156        1.0233685192046393       -177.91182208977389     
         534  -1.3640593845597866       0.80288883568087810       -246.71766415521108     
         535  -1.2773308985355729        1.1982739384504877       -116.40479473047974     
         536  -1.2717530388531315        1.2675210123945841       -95.504344524249589     
         537  -1.2402720618707197        1.3187373788291701       -74.574901575028420     
         538  -1.2090691405319614        1.4756253754964985       -23.509175402325660     
         539  -1.2489647707049405        1.4538932849366770       -37.697470168299063     
         540  -1.1612675284540890        1.8100630563116396        81.604770103288843     
         541  -1.1915903070423612        1.5961200009952659        14.413627152384780     
         542  -1.2469761460483697        1.4342394250508455       -42.915133775794210     
         543  -1.2068139457049489        1.4986650304261133       -16.475377885605013     
         544  -1.1552741888084408        1.7221120952153626        57.674592004910863     
         545  -1.2057681937657210        1.5275256506980421       -8.0203359914939583     
         546  -1.1368329264540171        1.7648869751027181        73.584238729325676     
         547  -1.1549328064163935        1.8660076681158924        98.855889312043047     
         548  -1.2149763869436523        1.7295494985020807        47.859124745502385     
         549  -1.1894105122578653        1.7402416132471503        56.027189609822457     
         550  -1.1501115178055381        1.8302944076029244        89.616358316223327     
         551  -1.2558291669709873        1.4694868026022583       -34.615058659913828     
         552  -1.3621848991391885        1.0328370276580945       -180.64328364902940     
         553  -1.2650032141224707        1.4327483454315355       -46.946570138988392     
         554  -1.2515324193231863        1.4450648111154454       -40.733420983728699     
         555  -1.1483954737289865        1.8265661389995558        88.894347530571224     
         556  -1.2040345728752719        1.5255167275930164       -8.2475898434113084     
         557  -1.2165961996461676        1.4641735184829170       -28.286546371904468     
         558  -1.2060395417012091        1.6488237417091163        26.581991853144284     
         559  -1.2342802300336799        1.4783553937987317       -27.771388073459789     
         560  -1.2452358828003849        1.3995104230723669       -52.489653120047912     
         561  -1.2506030987739860        1.4141094601570934       -49.391942861989115     
         562  -1.1820182925950891        1.7492598220105913        60.082264617646828     
         563  -1.1742713026513751        1.6795944641757481        41.727274653577375     
         564  -1.2582429476591421        1.3960227929614837       -56.087531837765980     
         565  -1.2506284005408717        1.4252209913209530       -46.222280025692086     
         566  -1.1615237001205925        1.5823642769366593        16.496741662851271     
         567  -1.1212804007745734        1.8482299866598917        100.50703288155000     
         568  -1.0931498791177325        1.9139380259013163        124.90686271046803     
         569  -1.0785976718248291        1.9243343602821883        130.78768542072621     
         570  -1.1277750091439425        1.8462987026480164        98.656315775711462     
         571  -1.1794118448718687        1.7218843617169417        52.781994078390653     
         572  -1.2179260366820801        1.4853130104954617       -22.512658918360223     
         573  -1.1820387164936594        1.4922010230734555       -13.367191286963589     
         574  -1.1732036189893977        1.6496200326792201        33.376688101250068     
         575  -1.2073838965721606        1.5693087262577505        3.5945450357061652     
         576  -1.1895135365112304        1.5197541977243969       -6.9898196759230835     
         577  -1.2023411665091410        1.4415208078176724       -31.907742791712227     
         578  -1.1920260705893748        1.4858989845438728       -17.165244543130282     
         579  -1.2504679054775973        1.2043435176776009       -109.29803062542385     
         580  -1.2073876055335655        1.4925694754615242       -18.331696984068039     
         581  -1.3425466800326340       0.90762766391112248       -212.48974375542494     
         582  -1.2891482393413554        1.1009200737792504       -146.58365279770422     
         583  -1.2419564088845030        1.2855335709706270       -84.398573223083304     
         584  -1.1490493393935548        1.6406498025824046        35.644621135614315     
         585  -1.2138623902691674        1.4227770385506995       -39.567350191423898     
         586  -1.2907360133475345        1.0890817291010355       -150.28359179271564     
         587  -1.2379487573207948        1.3314264805909146       -70.484783018830910     
         588  -1.2574290747306136        1.2629819219094471       -93.936434695499656     
         589  -1.2972093974914991        1.1276018613986549       -140.57251653647478     
         590  -1.2870915221894432        1.0813749186108494       -151.75663941543638     
         591  -1.2823956892078454        1.1491447376824742       -131.45466737008098     
         592  -1.2743712831219600        1.1993421910135440       -115.50765662974121     
         593  -1.2129951997892212        1.2449736638811950       -90.194876286721680     
         594  -1.2756698562049922        1.0425915900089509       -160.55325724765996     
         595  -1.1839218656546497        1.4953476407225981       -12.844787505120882     
         596  -1.1877538652701474        1.5553199924902288        3.5237702196740663     
         597  -1.2361490586440871        1.3136822013707639       -75.194637346389584     
         598  -1.3602874046970681       0.93575424194222356       -208.00172353656865     
         599  -1.3329113707638143        1.1854197120745871       -131.19352528352829     
         600  -1.3059116068306411        1.1859080765994399       -125.65403977550717     
         601  -1.3441252348553170        1.0546056815421236       -170.81173539681834     
         602  -1.3476640005153593        1.0621029977454755       -169.37739818501205     
         603  -1.3919136262210079       0.78593335409464071       -257.13293579780907     
         604  -1.3768975197266013       0.83141061290631391       -241.13621198130699     
         605  -1.3602766198049201       0.80317246151954902       -245.88007525033217     
         606  -1.3412933075743643       0.97042970245363946       -194.29562968019522     
         607  -1.3524266377018768       0.94921054583564524       -202.58491188226733     
         608  -1.3217577726315581        1.1652341248518179       -134.73011629215449     
         609  -1.3389321369935163        1.1139532044554106       -152.81668070637670     
         610  -1.3810443769004344       0.91487295281876424       -218.11920058394492     
         611  -1.2529543913515406        1.4194479502819479       -48.336918484685128     
         612  -1.2824993533892788        1.3214573716781048       -82.243219064759330     
         613  -1.2742201610892614        1.4012572866707660       -57.787404892566968     
         614  -1.2431791018539267        1.6133127528194169        9.0080829969716802     
         615  -1.2769896166807735        1.4246010643508213       -51.671645245139203     
         616  -1.2551088649226587        1.4801156473067991       -31.434185477522568     
         617  -1.3019538661193970        1.2359195593430592       -110.57349656365321     
         618  -1.3235379711542745        1.0504979366387834       -167.86792405756475     
         619  -1.2731649935534262        1.3480256093122396       -72.785422059264732     
         620  -1.2232846264720241        1.5181382857163805       -14.205726813229690     
         621  -1.2265761366203358        1.6082688581788271        10.887563289235613     
         622  -1.2572539629852040        1.4952619582738269       -27.535687670881099     
         623  -1.2061997693505235        1.6740527121153657        33.758223582208991     
         624  -1.1830031032514374        1.7836960916653595        69.724236673452992     
         625  -1.1182167698119676        1.9609298421367070        133.31971778173195     
         626  -1.2147323076213850        1.6134479239562951        14.736062168302261     
         627  -1.3026828370993355        1.1384470254657766       -138.56858615315028     
         628  -1.1822031263957984        1.5062125810971150       -9.3967709749176667     
         629  -1.1786160920078850        1.6208984498366641        24.088026971107535     
         630  -1.2051400050909629        1.6594596879587244        29.800740960794837     
         631  -1.2310907138412022        1.4417132777243846       -37.602660856207166     
         632  -1.2223933077916558        1.4889487096618159       -22.367341949889045     
         633  -1.1438222021425439        1.6868927440212425        49.902317568340962     
         634  -1.0142306767829452        2.1756432850746581        215.46363436980786     
         635  -1.0228640193436911        2.1317723105827486        201.20240171711350     
         636  -1.1552118115485788        1.6221449046128085        29.125012999010242     
         637  -1.0940776097013223        1.9848979815008476        144.99558962218694     
         638  -1.0978912004998223        1.8996796286383482        119.88477064462992     
         639 -0.97886407914770490        2.4323935739525067        295.89417929052729     
         640  -1.1086742826933922        1.9947774418580575        144.89895798297593     
         641  -1.0871994582295350        2.1274017958295759        187.08659543903835     
         642  -1.1018597791845652        2.0832297083970870        171.53393483874993     
         643  -1.1522052450713582        1.8026769546137709        81.306912009015122     
         644  -1.1397384516595639        1.8719200385085466        103.58400894702407     
         645  -1.1742169886471998        1.7737951590808023        68.652621712998581     
         646  -1.1664553774420896        1.8643449745421299        96.076319800114064     
         647  -1.1201949196795988        2.0040807138823808        145.25290830696972     
         648  -1.1832424596422184        1.8991271805180434        102.65667649606370     
         649  -1.2878424581781136        1.5220149000599077       -26.009689056296740     
         650  -1.2162136630933944        1.7191862688821014        44.650746766988085     
         651  -1.2783041293626645        1.4330087159782581       -49.532361602249793     
         652  -1.2928457660259260        1.3482425718761046       -76.659587249803039     
         653  -1.2396069567047914        1.6384198816551352        16.895977408432657     
         654  -1.3109932416138310        1.3122796002934780       -90.564217105277166     
         655  -1.3296503220216840        1.1544195471384122       -139.39850551686669     
         656  -1.4041216741943379       0.95597386096397452       -210.99154342980816     
         657  -1.3542845349943275        1.1498335902073995       -145.63562152025608     
         658  -1.3053770926908137        1.3678267454627269       -73.570374415174129     
         659  -1.3443468561376661        1.3237710744960374       -93.951661666455948     
         660  -1.3741345444875257        1.0531764949574505       -177.22193634745275     
         661  -1.3834016850220607        1.0404914768439784       -182.69965534392321     
         662  -1.3961386263930768       0.89708132969192955       -226.22137137585469     
         663  -1.3606373283174928        1.0201355030575794       -183.96277651340941     
         664  -1.2139086095689495        1.5152503831483444       -13.155638452053557     
         665  -1.2249462769296715        1.4672083860621403       -29.089456805970606     
         666  -1.2551341493320209        1.4027387162342981       -53.546936951538285     
         667  -1.2631867055686263        1.4229043973385600       -49.395825026213224     
         668  -1.3164590310886068        1.2119299334639264       -120.32870838010464     
         669  -1.3094043353017042        1.1332292010763729       -141.40369276202506     
         670  -1.2398748784063536        1.5020471769743799       -22.121236840667308     
         671  -1.2449803618645272        1.5188728911044056       -18.334986638008957     
         672  -1.2413689015288105        1.4817000835054996       -28.233496741981675     
         673  -1.2341407875400916        1.4100279383324017       -47.265629707980167     
         674  -1.1968362676254791        1.5647696267782869        4.4071852594809560     
         675  -1.2863595950556925        1.2615944701337760       -100.11895355356482     
         676  -1.2279620602851824        1.5746685639096885        1.0102944793692348     
         677  -1.1835657110826807        1.6860837423032249        41.722472432308500     
         678  -1.1901388842688052        1.7592045266963583        61.299490478836084     
         679  -1.2295512663100041        1.6236795977855334        14.695605810360686     
         680  -1.2355621735402760        1.4855360503880355       -25.976160606407284     
         681  -1.2032514634436324        1.6998320012219164        41.713395936887380     
         682  -1.3020365647855265        1.1325653450777149       -140.11981180126332     
         683  -1.1914785019393082        1.5684937449813752        6.5427721690261045     
         684  -1.2099155081947786        1.5563537843116249      -0.61318927342534035     
         685  -1.2062404933259980        1.5600312227749369        1.1725104041342131     
         686  -1.1373053591038127        1.9405127728434721        123.66855155386693     
         687  -1.1385018654530752        1.8211464043680168        89.324573576741585     
         688  -1.1326560930453966        1.7829382129365767        79.577101935008685     
         689  -1.1622662193742757        1.7087403549847597        52.455688682999508     
         690  -1.1165368223237317        1.8143328293322349        91.770846478101092     
         691  -1.1183168192093780        1.7966379636667520        86.359171196548232     
         692  -1.1559164809012981        1.6103200279216148        25.605542930982264     
         693  -1.1500359721384357        1.6378703562695607        34.653167068682237     
         694  -1.1114803332506051        1.7787581348756685        82.617945876564775     
         695  -1.1862929206687058        1.5106431345609361       -8.9488574112645090     
         696  -1.1898805401720280        1.4617868158787286       -23.625329506845375     
         697  -1.1912498318869411        1.4185860950686962       -36.242250938408709     
         698  -1.1063058652314217        1.7339678760909345        70.855622684763304     
         699  -1.0438976289928237        1.9565777775589497        146.94009892334446     
         700  -1.1754626243097535        1.5454499041384040        3.1619931683738605     
         701  -1.1923210258588151        1.4695281810306400       -21.901608029371065     
         702  -1.1851250606028625        1.5504757341134210        2.6654573311855945     
         703  -1.2268982475092107        1.3707114071945068       -57.050416312630972     
         704  -1.1875949813694158        1.4077758128947713       -38.599932884596363     
         705  -1.2027452310472253        1.4006630073859718       -43.662212965529449     
         706  -1.2354026944586181        1.2554102703152041       -91.694487668027335     
         707  -1.3293720438896650       0.98961503222481184       -186.42985415149158     
         708  -1.2483195983341184        1.2698603341783772       -90.149278767935002     
         709  -1.3323378944128601       0.85320215649389586       -225.99813160782071     
         710  -1.3299818575749192       0.89760239579781476       -212.84114158197025     
         711  -1.2769940404563220        1.1016823954417934       -143.93500683139982     
         712  -1.2710042391895771        1.0530757280906815       -156.62466582122565     
         713  -1.3290125328412707       0.77491522233011367       -247.70075476886944     
         714  -1.2083317383683312        1.3260023470865099       -66.111131658168418     
         715  -1.1476941471514650        1.6238726674217199        31.122192395264662     
         716  -1.0935110700209953        1.8295370173556951        100.72005065963735     
         717  -1.1185278673196366        1.6950697678537081        57.297477056484311     
         718  -1.1825085623867262        1.5089442245927187       -8.6773886029305505     
         719  -1.2066607899345994        1.3893818701392895       -47.668506813484925     
         720  -1.2246315066625086        1.3201024293708326       -71.056776092911676     
         721  -1.2208334072298239        1.3480404899844611       -62.314853173909469     
         722  -1.1820105491719308        1.5083296012031686       -8.7533926427001276     
         723  -1.1003380614162710        1.8740701567578573        112.07840649548552     
         724  -1.0120912547803049        2.2531224320450685        238.02841790473900     
         725  -1.0608911692258565        2.0269396751120681        163.64479017762881     
         726  -1.0447187540753478        2.1010303010135938        188.04802346530937     
         727  -1.1347217177430471        1.6514988373844106        41.609869694860350     
         728  -1.1191378781774470        1.7527250293625734        73.648406744598191     
         729  -1.1566560506812267        1.7005089709817580        51.225898420752124     
         730  -1.1570395564416929        1.6995549618907495        50.876623242656308     
         731  -1.1708611502216479        1.6712289225819161        40.019150398427030     
         732  -1.1795241855187417        1.5802302722108446        12.286928947273665     
         733  -1.2331368287444482        1.4226799054161499       -43.449990210637523     
         734  -1.0747923602469298        1.9128059072733927        128.25490401950694     
         735  -1.1069007791059251        1.8402897421725271        101.11431593317488     
         736  -1.1325466820679104        1.7036516469359684        56.945679558903976     
         737  -1.0477143749877609        1.9831016849313048        153.75500897360138     
         738  -1.0967100276448905        1.8372216303225557        102.27586283967580     
         739  -1.1936757866505299        1.4132849075073917       -38.242066908641895     
         740  -1.0908715754669132        1.7266078291758340        71.839610090493551     
         741  -1.0029271931700783        2.0771660861180083        189.58798853333869     
         742  -1.0804713875479421        1.8111091289826093        98.062876190509087     
         743  -1.0739109299345726        1.8009033573449071        96.459032959554008     
         744  -1.0386669426133812        1.8979470318121516        131.23459455729051     
         745  -1.0765065040479433        1.7975113166772443        94.970763660404486     
         746  -1.0552362871860270        1.9034441992907174        129.49134492235146     
         747  -1.1318206916489926        1.6992691759218121        55.838743067214089     
         748  -1.1905781481346671        1.5031361044745106       -11.950768643435556     
         749  -1.1764908267016296        1.5685314592638495        9.5510827258402387     
         750  -1.1386290138822559        1.6502068231323099        40.459263537846454     
         751  -1.0354561587465556        2.0524389555077160        176.01730095795949     
         752  -1.1191328066501587        1.7520873076888568        73.467214857564898     
         753  -1.2300451583446723        1.3768801049450980       -55.917313408125757     
         754  -1.2474330938500160        1.2865891250966810       -85.192323323027878     
         755  -1.1891159627488883        1.5434477356145464      -0.14072266912658904     
         756  -1.2899384839623327        1.0582674928912286       -158.92815340419190     
         757  -1.2335147116595757        1.2454965903252118       -94.149371105359762     
         758  -1.3304955907779772        1.0253814019504415       -176.43560075040304     
         759  -1.2942635709079517        1.0981351883262214       -148.40240066903220     
         760  -1.3063523205560754       0.93406093815713009       -197.69850778982590     
         761  -1.2539330454681836        1.1098679536342622       -136.98407692163829     
         762  -1.2371894877964260        1.2514693856814767       -93.177813373796781     
         763  -1.2365379279765747        1.1577388235829564       -119.82766200940367     
         764  -1.1945585460803647        1.4224971778298923       -35.786541559608771     
         765  -1.3017832286422608        1.2223857748818154       -114.40616462858139     
         766  -1.2214070372140082        1.4250803063246369       -40.418203073553364     
         767  -1.1864566672707364        1.5472754798753525        1.4847776438770737     
         768  -1.1749924947081558        1.5509822678414820        4.8366944324301500     
         769  -1.1421784066473351        1.5973069969368228        24.635148928977468     
         770  -1.2678305953571771        1.0866626980624094       -146.39365991996627     
         771  -1.2775223091158623       0.98979403915437447       -176.00876235971324     
         772  -1.1991282765000835        1.3473307921344764       -58.176597842242771     
         773  -1.0936749032776525        1.7651953602228880        82.303953398932407     
         774  -1.0590423305909358        1.9293760381099181        136.13923304685582     
         775  -1.1280504479224214        1.6771597017304820        50.275799186434249     
         776  -1.1993055753038100        1.3445170114275260       -59.015994947830954     
         777  -1.1967841956193248        1.4506343350787747       -28.192483682005779     
         778  -1.2669674468676446        1.2900882079186842       -88.099455977410003     
         779  -1.2289405700056166        1.5346572907138587       -10.617199806383047     
         780  -1.2104888731779306        1.5714261908828917        3.5785396074491409     
         781  -1.2095617822311560        1.5314263845598275       -7.6645582954999831     
         782  -1.2146838543469634        1.4015477820406199       -45.797144867006445     
         783  -1.2199987697381802        1.2623039392663737       -86.644083023605774     
         784  -1.2220762159052858        1.2538080496968471       -89.486969276891699     
         785  -1.1965294830728233        1.2399246627605305       -88.344304692203906     
         786  -1.2527866316918155        1.0293716944336329       -159.75372536654456     
         787  -1.2442197337531657        1.0090067632376056       -163.85889754910806     
         788  -1.2338518133368614        1.0853379777350571       -139.97639503800394     
         789  -1.2362194619443239        1.0817644269334894       -141.47093927423006     
         790  -1.2637660246497970        1.0154050032197872       -165.94008716209675     
         791  -1.1438312011271610        1.4473132668586131       -18.550761417905001     
         792  -1.2038529613714015        1.2617994898005898       -83.559049769045487     
         793  -1.1709947437917321        1.5378714906123410        1.8903082645316411     
         794  -1.2172202198710840        1.3838011776307899       -51.374876374639008     
         795  -1.2891580108665914        1.1515633250426642       -132.11610674177649     
         796  -1.2515506626062014        1.3028028206750866       -81.383352623292069     
         797  -1.2000606694415912        1.5626639848414563        3.1606929143069777     
         798  -1.2515139629720911        1.4025208962930933       -52.885133948468081     
         799  -1.1943257949161645        1.5993525962160333        14.790128212128609     
         800  -1.1874682098003408        1.5812587857430327        10.991985100150284     
         801  -1.2637466816114569        1.2356252278034718       -103.01615438766174     
         802  -1.2643760935578019        1.1640863044044363       -123.58172917665522     
         803  -1.2440567486649490        1.2362973277417737       -98.886139244559743     
         804  -1.2276711417978567        1.3450517840767748       -64.536316061140852     
         805  -1.2268235265144876        1.3262773702172530       -69.730911250044727     
         806  -1.2351564228902925        1.3298777119674943       -70.368821453708009     
         807  -1.1907445584406755        1.4572425108703235       -25.096506020119282     
         808  -1.3079128138703395        1.1378154762290273       -139.79502414642246     
         809  -1.3041163193188021        1.1453083445547498       -136.89490571447993     
         810  -1.3541863651765556       0.89718976685315477       -217.79993708648635     
         811  -1.3078642804766463        1.0828390961875793       -155.49285462238325     
         812  -1.2783374547352502        1.1173232384222456       -139.73487740705642     
         813  -1.1840507714844135        1.5043177952951303       -10.307667364636478     
         814  -1.2729513446570377        1.1835344179318270       -119.74017553153367     
         815  -1.3275961841620076       0.87499899855586993       -218.82212039708659     
         816  -1.2911657429142200        1.1617786912034684       -129.59897710535799     
         817  -1.2154026279061503        1.4094389072411757       -43.686292378684698     
         818  -1.1480166258419848        1.7380188379244739        63.670888229376388     
         819  -1.2600086566352684        1.4331409070673822       -45.835498174163625     
         820  -1.2667961217878547        1.3845739845935194       -61.069254768641706     
         821  -1.2902752312390910        1.3395695481395393       -78.623487074312024     
         822  -1.2018977883730877        1.5704795620446632        5.0262911860668895     
         823  -1.1921994025775795        1.7752153229508092        65.461900032638852     
         824  -1.2649870197645685        1.4382820068364046       -45.362285151731669     
         825  -1.3189682889038741        1.1427971680500968       -140.58277863282362     
         826  -1.2343976849109917        1.3094833219788160       -76.044042426041656     
         827  -1.2311032538340032        1.4940897169302367       -22.640471938809430     
         828  -1.1955725772480612        1.7190791483288319        48.748358063691825     
         829  -1.1891848451396314        1.6771122785498049        38.035370262798615     
         830  -1.2108863642417129        1.5486915671163202       -2.9965653957561873     
         831  -1.1891181416743861        1.7439117483725981        57.134273762359989     
         832  -1.2196692236006967        1.7455592463015852        51.494771071094135     
         833  -1.2198037424128587        1.7846888794876870        62.647762504690782     
         834  -1.2531216740308151        1.6514402289879773        17.913133181182538     
         835  -1.2755313723464254        1.6384776697627805        9.7276051680043523     
         836  -1.2259627805128592        1.7527702110370404        52.296335327363352     
         837  -1.1735038743098232        1.9487350742815883        118.77807749498422     
         838  -1.1955744465337865        1.7174088663038576        48.270760770839878     
         839  -1.2201888249454922        1.5496743297945266       -4.5762681998815680     
         840  -1.2420506318057527        1.4819393508160708       -28.301480708635395     
         841  -1.2286250025893211        1.4887003315387508       -23.684646087440274     
         842  -1.1806402396458584        1.5549566936134835        4.8426956654617728     
         843  -1.1799429286096188        1.5845702598929907        13.443176809711746     
         844  -1.2176493988191077        1.3744536218684664       -54.131442382050075     
         845  -1.1958166957731671        1.3613012767769257       -53.522714656159259     
         846  -1.2292447321704310        1.2496361919858103       -92.112631875930617     
         847  -1.2808979452083187        1.0782323662564837       -151.41579612045854     
         848  -1.2937522093784080        1.1060959615381634       -146.02562173113927     
         849  -1.2804978225472854        1.2740413074305670       -95.390359824228199     
         850  -1.1546814802678846        1.6077291648489760        25.112296465483105     
         851  -1.0196565921878635        2.0861428706578531        188.80690431259501     
         852  -1.0207913457275415        2.1339984023963963        202.25296267281476     
         853  -1.1047331047423861        1.9115292425674995        121.90199377587514     
         854  -1.1004210859457968        1.9542812988403495        134.97927075600708     
         855  -1.0706315415289469        1.9954227198565684        152.69187135829677     
         856  -1.2473167065849800        1.4183119720025783       -47.533946754049879     
         857  -1.2691076105587016        1.2318156155988749       -105.17680080699510     
         858  -1.3383540896291870        1.0428026331065658       -173.02980590460896     
         859  -1.2756948833782582        1.3200769386177882       -81.276734508359723     
         860  -1.2546970098495440        1.4795606492257833       -31.510385343189725     
         861  -1.2791995762256101        1.3784912686648692       -65.287864492949723     
         862  -1.3349257566507668        1.0475733596623031       -170.98107457871433     
         863  -1.3610093209187297        1.0089090541879986       -187.24473185353671     
         864  -1.3130491945645959        1.1756096461896672       -130.02396601080471     
         865  -1.3257923706170829        1.1347081381699697       -144.25874636978708     
         866  -1.2346125697279349        1.4518919461447650       -35.398841056301698     
         867  -1.2666891409961154        1.4069048440436125       -54.667613053124214     
         868  -1.2360901408351650        1.5136792515946580       -18.040839434921182     
         869  -1.2998606429855977        1.3460446116833060       -78.690551268251099     
         870  -1.2565582386390219        1.4024199186804474       -53.922839828324115     
         871  -1.1715726247237284        1.6855298243976302        43.962827445358151     
         872  -1.1528053993154108        1.6419733965872341        35.271578866908406     
         873  -1.2392760548222856        1.3323531495481213       -70.485479959927460     
         874  -1.1878361272976496        1.4990621272463589       -12.566357969789525     
         875  -1.1084518126139866        1.8570039843510415        105.57960699685222     
         876  -1.1170952179386220        1.8933047657520403        114.22257776078192     
         877  -1.0968918439032023        1.9639032939054843        138.43426061170689     
         878  -1.0470021757168038        2.1510267353501651        201.87603466175230     
         879 -0.98392117659810974        2.4525269015503461        300.63513911411411     
         880 -0.99501748277973545        2.4485955569223981        297.29263655551819     
         881  -1.0922827301902500        2.0278734127920481        157.63326017902938     
         882  -1.0948846580228939        1.9863147582934724        145.23897332719355     
         883  -1.1048924731944230        1.9822344354920467        142.07160377819449     
         884  -1.0726730568732723        2.0328097911301923        162.96558865332352     
         885  -1.1435891486285947        1.7757466698446602        75.335764220678413     
         886  -1.1587715823966704        1.6298832937891159        30.624027165479148     
         887  -1.1823189929231561        1.8107234667277454        77.583165899790473     
         888  -1.2464318290543257        1.5164158549190594       -19.327290414639592     
         889  -1.2462494270735800        1.7598567944107140        50.263744121982185     
         890  -1.2024388469873679        1.9056295131630596        100.67520835418043     
         891  -1.2829091410144275        1.4839958670073832       -35.885606495710434     
         892  -1.2632441822442315        1.5847416388307789       -3.1681085064153862     
         893  -1.3250014202028084        1.2903977770313015       -99.617802326552791     
         894  -1.3504222009193618        1.2342559907783330       -120.74246882785451     
         895  -1.3171346717323740        1.4683764725790052       -47.193396761693634     
         896  -1.2664721096375811        1.5292367514266423       -19.672233243410254     
         897  -1.1780926036433359        1.7466759048770937        60.129140369853424     
         898  -1.2112982952237401        1.6960361988503390        39.019514617557093     
         899  -1.1980708408218499        1.6934203645806940        40.917624278036527     
         900  -1.2640099159473368        1.4406740299130683       -44.483429223525306     
         901  -1.1803863596361073        1.7526784064701098        61.385389626446660     
         902  -1.2202035405453751        1.6106575758577966        12.844573269646396     
         903  -1.3085052009094227        1.2403892340134099       -110.60671361584494     
         904  -1.2811790442238180        1.4174682584816094       -54.547475287809860     
         905  -1.3111217382586613        1.1887367074222028       -125.88788582603749     
         906  -1.2510906823653338        1.4376973626673826       -42.750058863034837     
         907  -1.2257129415949946        1.5623249004360795       -2.0666427750534666     
         908  -1.3216105706975936        1.1861177902605238       -128.73391436001782     
         909  -1.3072058988985618        1.1170496169893729       -145.58674379196896     
         910  -1.2756290662640069        1.3266684114785334       -79.380293125297840     
         911  -1.2542904110680424        1.4611701310439449       -36.683499353130379     
         912  -1.1211080587317594        1.9315408545702561        124.34460640735790     
         913  -1.1554676407674145        1.7351063176591601        61.348536597056530     
         914  -1.2397670696929415        1.4250303954213870       -44.104469827412650     
         915  -1.2878500328547127        1.1769672244792342       -124.59625415752467     
         916  -1.1663416565427367        1.5694687280315891        11.848707834114595     
         917  -1.2556683867270859        1.2201739591805874       -105.81514358875559     
         918  -1.2846486338064946        1.1002517709912900       -145.87467534443675     
         919  -1.2846153519499126        1.1377180753440659       -135.16336058661278     
         920  -1.2978033374495923        1.0395806931578955       -165.84020973974037     
         921  -1.2477335178460018        1.3110967736822590       -78.250222812061253     
         922  -1.1938418300841713        1.4858038432852660       -17.555579658835942     
         923  -1.2406996721629668        1.3505700005612560       -65.565388852883672     
         924  -1.2530931194486137        1.2809591081697891       -87.932904707574892     
         925  -1.2157529770103273        1.4970226552081762       -18.732434208949869     
         926  -1.1953046516472188        1.5232750921682385       -7.1420728620245901     
         927  -1.2521314533114498        1.3047412730507120       -80.945667228449764     
         928  -1.2894706029652243        1.0869589102000510       -150.63702940225062     
         929  -1.3034292533048193        1.1276968260421509       -141.78935494385510     
         930  -1.3104424094984903        1.1369251204521644       -140.55533063687110     
         931  -1.3095851634616167        1.1210384094209429       -144.92294172413102     
         932  -1.2956828338610351        1.2181023846152383       -114.40991146278745     
         933  -1.2941546089065394        1.2056677476255049       -117.65701989752647     
         934  -1.2792385212211423        1.2257841471150956       -108.92625964913526     
         935  -1.2376071085680893        1.3997462685871531       -50.896513840793901     
         936  -1.2558846200479536        1.3334649721252367       -73.489529411599989     
         937  -1.0769022442957055        1.9666740127260673        143.22381448194406     
         938  -1.1015964053125302        1.9264081569139131        126.78045204653503     
         939  -1.2074022683480512        1.4671417172518992       -25.599703321144624     
         940  -1.2101522692315638        1.5332139070688542       -7.2719349787171588     
         941  -1.1416680108297386        1.7811687580992748        77.269159853196498     
         942  -1.1743567862610056        1.6131288021782513        22.719988789507891     
         943  -1.1281385726990334        1.8094196244756950        88.046723586886429     
         944  -1.2455734112083712        1.4130728273893560       -48.682186139649488     
         945  -1.2108558540901604        1.3729249452835484       -53.209498174809575     
         946  -1.1188047970410155        1.6364738166866009        40.500390778748660     
         947  -1.2272667339412073        1.2527872929998891       -90.816717654635937     
         948  -1.1826946871464488        1.3820689805761373       -44.964683273899098     
         949  -1.1869502936222680        1.4489328169181410       -26.711851328490482     
         950  -1.1713818971146308        1.5270155208291392       -1.2888280523922333     
         951  -1.1380562940760246        1.7500821977559722        69.109628820138397     
         952  -1.1930554492763095        1.6353216853966186        25.321079963123239     
         953  -1.1791629391569842        1.8133687967821357        78.970185239993043     
         954  -1.1943032342749738        1.7931353767415457        70.161149061940961     
         955  -1.2887895831580771        1.2999461099624652       -89.647339794416936     
         956  -1.1480750164512825        1.7580727792562596        69.388907630883338     
         957  -1.1981033311567020        1.4352546989016643       -32.850492554370575     
         958  -1.1674232241528073        1.5689253569097861        11.477145420157399     
         959  -1.1242612473155504        1.7600275567596400        74.710169316138447     
         960  -1.1440101843243051        1.7480556565185601        67.339838988364534     
         961  -1.1652968322459012        1.7255623092406298        56.655838753208116     
         962  -1.2000151041111582        1.6865080568945594        38.553826566993706     
         963  -1.2176213319245781        1.5842895935451773        5.8273057616291055     
         964  -1.1628065270232921        1.8131459894888000        82.177808440064354     
         965  -1.1633806438069778        1.7726348445441811        70.488372242007529     
         966  -1.1748914053477566        1.6800991320349030        41.747444931200931     
         967  -1.2453494850659232        1.3375935374369938       -70.202912326120725     
         968  -1.2559095782100327        1.3370849951672481       -72.460228746298426     
         969  -1.2941067526741745        1.1639938414089659       -129.55427899863594     
         970  -1.3171603443789912        1.0218903217836139       -174.76600294684280     
         971  -1.2596252931083103        1.2221049443648369       -106.05481481235729     
         972  -1.2686557991846035        1.2857983682828151       -89.662794908193590     
         973  -1.2369858142987851        1.3536307648481951       -63.948113198064178     
         974  -1.2060565050754624        1.3851526595689612       -48.755995718895029     
         975  -1.1373427530174742        1.7370953161788016        65.541799438371328     
         976  -1.1889711178268212        1.4718238419982070       -20.575723289382282     
         977  -1.2424249462118577        1.3906369686719626       -54.462738488173734     
         978  -1.2873504966040685        1.1714032016902352       -126.08606770425223     
         979  -1.2916821443952358        1.0641726969950775       -157.58968431824488     
         980  -1.2230702365083754        1.2875237829261938       -80.052706760553860     
         981  -1.2694524552207880        1.1267961110866063       -135.25134245720415     
         982  -1.2858907526148005        1.0960979317827684       -147.30991030853187     
         983  -1.2354704562945498        1.3395943621217377       -67.655442376204817     
         984  -1.2090723732744264        1.2986771593139730       -74.066455145827078     
         985  -1.1916104086425054        1.4528023552467964       -26.538291952921991     
         986  -1.1835369677474394        1.3560949601260455       -52.554288094123322     
         987  -1.0906666392016751        1.5710770269842291        27.443225288796405     
         988  -1.0896421864136294        1.5996523603706680        35.812496813959314     
         989  -1.0585817899000833        1.7728912732149793        91.521408357900256     
         990  -1.1712579444874465        1.3659457843613747       -47.283962232030817     
         991  -1.1603193412829669        1.5024350681043119       -6.0993033788671207     
         992  -1.1320492188764839        1.5729225171965420        19.693992271638066     
         993  -1.2243163402237343        1.3304341920042762       -68.041810624173777     
         994  -1.2034127224971853        1.4806600644262866       -20.939409244003841     
         995  -1.1324527323382945        1.7918949331885023        82.176837005550283     
         996  -1.1270075501943249        1.8548174637627508        101.24373931270094     
         997  -1.1297263571531801        1.8325985935682156        94.351729293919917     
         998  -1.0275700356131647        2.4441256048782929        289.50499683337353     
         999  -1.1644089746494992        1.9603845957597794        123.92549213510279     
