           1  -4.2279399425309565        3.0664674529578191       -86.378513978005742     
           2  -4.1921315780324040        3.1642909553894372       -68.822891466490944     
           3  -4.1767190413041391        3.2255600510267417       -58.528909845478090     
           4  -4.3166687621393169        2.8260988242163911       -129.58977147333175     
           5  -4.2404652494247106        3.1095347588736750       -81.478572393687728     
           6  -4.2892336421296182        3.0797485418038697       -90.610585531293495     
           7  -4.3255651128191994        2.9302036715425217       -115.60728549472964     
           8  -4.3020390254416165        2.9322536414662865       -112.96182391071902     
           9  -4.1876742142135406        3.3780080522749181       -37.846141243821165     
          10  -4.2527920559173280        3.2184002891052073       -67.159034438444181     
          11  -4.2582232601214027        3.1358555310687874       -79.494263149768756     
          12  -4.2693427760930867        3.2327221154965216       -66.768131257261061     
          13  -4.2105979466731895        3.3923963248290514       -38.083046982052757     
          14  -4.1310381588281242        3.6651211205324170        8.8336169029345495     
          15  -4.0910997804993094        3.7185486195732862        20.459954598797353     
          16  -4.0191821398303622        3.9500934038123221        60.729544985554583     
          17  -4.0014535477530693        3.9547291277743231        63.164650473569623     
          18  -4.0002692008605916        4.0010390728818237        69.898791606746215     
          19  -4.1243365565458019        3.7605310699065901        23.133769898906685     
          20  -4.2032618811219509        3.4788504465223298       -24.998851613602636     
          21  -4.1748958640040765        3.5340383297066422       -14.278266589770416     
          22  -4.1621597369266992        3.6498542340669289        3.5404753122937249     
          23  -4.1867373647021813        3.6176496036834571       -3.5179489486075335     
          24  -4.1079234320787386        3.9941670484745959        58.151650712470847     
          25  -4.2491851670462344        3.3291015426473498       -50.983880759599664     
          26  -4.3143856042483364        3.1251414605324390       -86.641079067654388     
          27  -4.3343984264038156        2.9773757830529419       -109.75174378027309     
          28  -4.1511625358989530        3.6146757198789228      -0.38530661178970327     
          29  -4.2669237375568487        3.2436151616140361       -64.970077958277145     
          30  -4.2709546647097083        3.1533201063043883       -78.272464289227202     
          31  -4.2361067863238295        3.2992704894906799       -53.937621709740661     
          32  -4.2089490386051578        3.3783070937471260       -39.930903472666884     
          33  -4.2325963282763777        3.2687478445249933       -57.946953757236344     
          34  -4.3784054362070934        2.7101370308887036       -152.32940935549226     
          35  -4.3663755123826293        2.7280798283790997       -148.56316018870351     
          36  -4.4705292893240660        2.3204962104795630       -217.20476901135240     
          37  -4.3910020568725852        2.5815655459660380       -171.95642641099357     
          38  -4.3117570535467413        2.7552676934580198       -139.21733357955458     
          39  -4.2757799561545475        2.8877552073716277       -116.69283613839119     
          40  -4.2164744199330757        3.0879482635508104       -82.163274490646643     
          41  -4.1977364429373214        3.3314338872262885       -45.505816266002583     
          42  -4.3317881781763194        2.8544136587645514       -127.05673671300787     
          43  -4.4046301240175803        2.5445806043234027       -178.60279621729805     
          44  -4.4852001032191327        2.2748707849159384       -225.18976833851966     
          45  -4.4083186551985190        2.5848900912215358       -173.21315120708721     
          46  -4.3218177149366594        2.7357366818401836       -143.01354423537995     
          47  -4.2886229853628679        2.9099040119539916       -114.81302411888535     
          48  -4.2783302388103372        2.9031746258632269       -114.74509033374171     
          49  -4.2355841117843429        3.1188650047707203       -79.657566358643422     
          50  -4.2491307375744798        3.1485036291237849       -76.778139744362079     
          51  -4.2296284761282230        3.2217561658536340       -64.363265495472120     
          52  -4.2522863750411348        3.2388981366469043       -64.180202416296027     
          53  -4.2685687131081682        3.1778019965420263       -74.536456237981909     
          54  -4.4293147855928456        2.5217181669634368       -184.33732485481963     
          55  -4.1987363682620886        3.2972104956770512       -50.494864734084530     
          56  -4.2741245568326489        3.0014135389909979       -100.29039168914801     
          57  -4.3361151905005446        2.7731485165971792       -139.09874396934029     
          58  -4.3605669789030808        2.7201214112950551       -149.11922356704039     
          59  -4.3180892582619057        2.9658656272951083       -109.76513493148671     
          60  -4.3424004599254564        2.9430429232300197       -115.45664139285446     
          61  -4.3331238762881634        3.0882435011046576       -93.786043332748363     
          62  -4.2218880510147843        3.3986364480253872       -38.320611245306480     
          63  -4.2736682192962414        3.1904948915277007       -73.233136144550173     
          64  -4.2380927503358974        3.3169351702109680       -51.612692293763317     
          65  -4.1806239150950457        3.5638548380064403       -10.591570513182027     
          66  -4.2158091124178458        3.4864064447834746       -25.174146420171354     
          67  -4.2965432705693294        3.1817098119528202       -76.775652639698961     
          68  -4.3544282059421304        3.0548518826329341       -100.68670750839102     
          69  -4.2556368745670321        3.3232063779156888       -52.471217901916454     
          70  -4.3155276065888897        3.1306382326315489       -85.970026144693520     
          71  -4.3256227671509544        3.0815355082547677       -93.994217111868792     
          72  -4.4388815979937473        2.6904912832081216       -161.18356091709762     
          73  -4.3410340483498056        3.0572766733037877       -99.000893081893864     
          74  -4.3604032259018615        2.9047724061731541       -122.72413471290429     
          75  -4.3197274415558242        3.1382727314934549       -85.299366946828954     
          76  -4.3341706357534306        3.1010344687509486       -92.063438186947479     
          77  -4.3413601526039933        2.9819695233187531       -109.79166779088881     
          78  -4.3808799273585119        2.7598386235051691       -145.47663095399594     
          79  -4.3859810349436872        2.6863503956077315       -156.48505998357604     
          80  -4.3082104779479291        3.0252461567769604       -100.29432411696753     
          81  -4.3095391672318151        2.9969581563441787       -104.46833596432509     
          82  -4.2353561896099947        3.3282233093060274       -49.726444921879065     
          83  -4.2946889341485814        3.0625816011213054       -93.608534830697991     
          84  -4.2084120092827177        3.3753531000143449       -40.299199645106185     
          85  -4.1254708143608019        3.6209744792261995        3.0836883059217932     
          86  -4.1291504083804034        3.6178865378515992        2.2745944218758183     
          87  -4.2571988874911666        3.0719155293385345       -88.526111848209467     
          88  -4.3593341776250183        2.7309644238190520       -147.44694165009201     
          89  -4.4344812608407729        2.4558049685214427       -194.27014358561192     
          90  -4.3650183035747387        2.5729393159504150       -170.59036965486968     
          91  -4.3308327750788065        2.6704294315557386       -153.24465743308738     
          92  -4.3359671822646870        2.6497961084691042       -156.70571573548040     
          93  -4.3577339043947187        2.6857017979245073       -153.75300374056880     
          94  -4.3661844969329122        2.6642628466349132       -157.66077032147288     
          95  -4.5067130424073083        2.0520436758217473       -259.17350641365050     
          96  -4.3442990366901917        2.6074194353709954       -163.59271162061773     
          97  -4.1420385745063877        3.3868338933415547       -32.021742835014486     
          98  -4.2502205449411594        2.9845038883372395       -100.31565487910845     
          99  -4.2246452003953356        3.1249213972884773       -77.698476288634879     
         100  -4.1732294027356343        3.4033869647641621       -32.776101168995410     
         101  -4.1766849156267289        3.3597767749789771       -39.351679570274129     
         102  -4.1459004173980469        3.5643093730821285       -7.0542871612413869     
         103  -4.0917704429907751        3.8010672634734481        32.181266049674406     
         104  -4.2617612106363829        3.3217219797715067       -53.295708386592182     
         105  -4.3804982092002618        2.7812527203172861       -142.37930245072604     
         106  -4.4186294040476755        2.6569879165437449       -163.94453676025907     
         107  -4.4539591057827659        2.4194079964111905       -201.41749552413310     
         108  -4.4849022999647907        2.2820583045249565       -224.13319949751195     
         109  -4.4183330408489185        2.5590006946271142       -177.91307499990202     
         110  -4.3418819994460156        2.8414675858232350       -129.91555783159455     
         111  -4.4186643416231348        2.5348973194352613       -181.38954439044548     
         112  -4.4373032640108612        2.4698961129374029       -192.53932327176909     
         113  -4.4663601609518198        2.2715983037486529       -223.77327142140103     
         114  -4.4661652512254797        2.3164773748403373       -217.34248457852641     
         115  -4.4137304304762734        2.4164702064343664       -197.81431227588743     
         116  -4.5564454680568307        1.8859299376333849       -287.87728300551203     
         117  -4.5751765518559848        1.7848499204349573       -304.19039384234577     
         118  -4.4798968098897811        2.0639305981835716       -254.79375139592341     
         119  -4.4679873068455631        2.1092261433335864       -247.13200892721403     
         120  -4.4079181789605357        2.3442956729907229       -207.54373475912016     
         121  -4.2515129203802893        2.9570880545616394       -104.36144010525034     
         122  -4.4252507074189209        2.2948354577011640       -216.34273264632438     
         123  -4.4224456886587795        2.3195929196815470       -212.52545048739827     
         124  -4.4517989303810586        2.2043274664902186       -231.92726797267321     
         125  -4.4367102968429508        2.1643710162615930       -236.12646893723741     
         126  -4.3639278601545355        2.5121282916110186       -179.16861450419231     
         127  -4.3595335604842891        2.5639800182836772       -171.32179501250221     
         128  -4.2438709108101991        2.9956183708315605       -98.092908252538479     
         129  -4.3475678363180812        2.7008681844286766       -150.56977028945323     
         130  -4.2860525016586184        2.9059218174436539       -115.12486067851013     
         131  -4.1889652219002365        3.2849245276896371       -51.272888381817317     
         132  -4.1870242938426623        3.1991697240058610       -63.329481816599341     
         133  -4.2558012793029460        2.9034447673658970       -112.45360273976546     
         134  -4.3474058158865212        2.5937876891683693       -165.85078185491267     
         135  -4.1681110313249148        3.3778929571240361       -35.906265119370921     
         136  -4.3918988347866579        2.5640042946141106       -174.55485439553451     
         137  -4.4013913168659657        2.4523535784698662       -191.45420490978603     
         138  -4.3406066553546223        2.7193032303268367       -147.24007420765588     
         139  -4.2377608898203389        3.0807135517948732       -85.325451730222227     
         140  -4.2332032293701118        3.0988297839628922       -82.281652518339641     
         141  -4.2077310479729624        3.2208300920425090       -62.305818938679366     
         142  -4.2171019745535885        3.1229571203039610       -77.224764702248834     
         143  -4.3121338497229029        2.7474998012514913       -140.36471208381892     
         144  -4.2645938490599660        2.8931551999611793       -114.80279791614115     
         145  -4.3105032432732173        2.7663928366018555       -137.50264638879801     
         146  -4.3068117298885236        2.6760897355333801       -150.03393806011073     
         147  -4.2672729225614185        2.9175732591452830       -111.58241109712840     
         148  -4.2729277912921528        2.8312716310667998       -124.47670198141364     
         149  -4.3043094821608490        2.7420826793641506       -140.35614988294753     
         150  -4.4374195087989383        2.2663547083387714       -221.62829126466806     
         151  -4.4412686966050616        2.2036702969011470       -230.96812596494115     
         152  -4.2723745370467681        2.7614252943203517       -134.39942466351098     
         153  -4.3963672054637488        2.3309014246818842       -208.30210145356153     
         154  -4.4154102614045145        2.2907510470086776       -215.94217528666746     
         155  -4.5056241053895398        1.8915378754065075       -281.99401277119398     
         156  -4.5929518207035649        1.6371975515133677       -327.06111628733083     
         157  -4.5433869516292633        1.8647660728205560       -289.59484062173073     
         158  -4.5512670601693470        1.9426764404836188       -279.25279895244444     
         159  -4.6052874902219596        1.7180091661359895       -316.75016686450971     
         160  -4.5792613771019077        1.8732054383334369       -291.97665952429804     
         161  -4.5383457314111135        2.0175678706838616       -267.26189033372964     
         162  -4.4817386228556071        2.1734425840439489       -239.33336328388077     
         163  -4.3638011066515077        2.5626390093921714       -171.94012232801032     
         164  -4.3613193011948255        2.6369866036368617       -161.07085689024345     
         165  -4.2726178420792049        2.9470631508018137       -107.90406138368817     
         166  -4.3501870107187735        2.6582961460952443       -156.91340749144072     
         167  -4.3812604408368614        2.6551956064240758       -160.46368474198781     
         168  -4.4279148171831650        2.4863856153962636       -189.24483538059138     
         169  -4.4374586412256711        2.4355112575790283       -197.46698318730429     
         170  -4.4078199091545951        2.5814232026302388       -173.65854640145238     
         171  -4.3883133588822503        2.7193856955029165       -151.99896382097810     
         172  -4.3952332907295979        2.6151708055554779       -167.57879842677553     
         173  -4.3869602334817754        2.6842213475518601       -156.88712955965272     
         174  -4.3775982683912682        2.7299350221456002       -149.42040810863921     
         175  -4.4543479469211142        2.4381549958228570       -198.77823686487278     
         176  -4.4067067541124239        2.7152839604779242       -154.42426549042278     
         177  -4.2944279052919425        3.1352550251562867       -83.200514225751306     
         178  -4.2678439868607398        3.2496468361262316       -64.200435101210374     
         179  -4.3445266235012294        2.8961465091089345       -122.36874548201631     
         180  -4.3220553917190223        2.9074140207310619       -118.51197778634881     
         181  -4.3818240239812507        2.6530869144205189       -160.82128477122063     
         182  -4.3524664021642652        2.7729709505727449       -140.75923171063260     
         183  -4.2952840162125447        3.0126633469525359       -100.79922220406181     
         184  -4.2818208625558878        3.0247063707812698       -97.732474862862588     
         185  -4.4195171423753949        2.5381384583761939       -181.01180461696703     
         186  -4.4297077617576743        2.5306808307803523       -183.09624192602953     
         187  -4.3932646023961119        2.6420403560314676       -163.54342238257101     
         188  -4.3862074161989675        2.6685411026906918       -159.05188281153869     
         189  -4.3010187816483763        2.9571135301576792       -109.30838686119547     
         190  -4.3045385422757985        3.0606060199173735       -94.875721529695880     
         191  -4.2795732301071689        3.1585424039752512       -78.388278304564778     
         192  -4.3462707844571735        2.9169518029391721       -119.57097674471949     
         193  -4.3501964492466705        2.9394260430647723       -116.75293749144065     
         194  -4.3815946079395083        2.8490635547876804       -132.80168025745181     
         195  -4.3002750115210411        3.1467394441473857       -82.144593564218809     
         196  -4.2947286710945107        3.2431640099940973       -67.815021543464098     
         197  -4.3391909886632263        3.1113624885636755       -91.090042076110350     
         198  -4.3118719422430161        3.1971213346204230       -76.106873711696778     
         199  -4.3036274670732446        3.0947150965421537       -89.911888777329494     
         200  -4.2562850517463566        3.3072188335449813       -54.819970529951192     
         201  -4.3711581980543519        2.9816727188185448       -112.81387297881319     
         202  -4.3279590479731107        3.1088244706832207       -90.329421990021075     
         203  -4.3376753368488838        3.1273543869543126       -88.653919981728151     
         204  -4.3694857374922202        3.0257537853379830       -106.34933170553771     
         205  -4.4135836577328256        2.8193663139856211       -140.24304820850710     
         206  -4.5032876223402587        2.5198829282738053       -191.99678548522408     
         207  -4.5423395482306121        2.3712672832376440       -217.13278450799652     
         208  -4.3181414403188771        3.1936593226642511       -77.228396655878967     
         209  -4.3633981571975937        3.0048578624205566       -108.72570552142149     
         210  -4.2568031622917566        3.3206380283947610       -52.954753748808699     
         211  -4.2928804521951935        3.2521096964117016       -66.352244451017981     
         212  -4.4393853213723826        2.6006069720047584       -174.07454914115743     
         213  -4.2896769294543988        3.1110653226457279       -86.181088429220580     
         214  -4.3534397429268514        2.8379906375757633       -131.56803907217503     
         215  -4.4051393298729549        2.5975016418432695       -171.09356858571306     
         216  -4.3821473136106297        2.6063813082538676       -167.52584318653783     
         217  -4.3060722348788651        2.9685704769789467       -108.17702549549300     
         218  -4.3182207880846706        2.9784871083775224       -107.97521918770560     
         219  -4.1854323913784599        3.4915114776520735       -21.407183906434494     
         220  -4.1663332630331773        3.5933858790911293       -4.9437851520412295     
         221  -4.3747029737052321        2.8900002538434562       -126.26441696891436     
         222  -4.3954027304467864        2.8355937559698168       -136.10674948216106     
         223  -4.3010822293361572        3.1360920236263556       -83.746375420164185     
         224  -4.2400529411216219        3.3516647033961782       -46.847349488736022     
         225  -4.1999446131994036        3.7083669707911673        8.1209500741985448     
         226  -3.9705201663939493        4.4961074949297481        143.59775534596960     
         227  -4.1487407077366418        3.9586994560779507        49.003124232872189     
         228  -4.1378684244806694        3.9987892434371055        55.817465038348082     
         229  -4.1270912226241805        3.9941356092935782        56.230380346350231     
         230  -4.2632542236542870        3.4442605133913231       -35.939504885554058     
         231  -4.3073570137181800        3.3042167857173528       -60.356030702510587     
         232  -4.4005046945341597        2.8166835824081464       -139.31839925685256     
         233  -4.3486733053829321        2.9979864877623692       -108.23484529112655     
         234  -4.3152380598797837        3.1390648423582919       -84.737270084251222     
         235  -4.3543625439608107        2.9715421123655918       -112.58153706273953     
         236  -4.2470683392423236        3.2934910704628964       -55.859408291276154     
         237  -4.2517746179366682        3.3345904844746634       -50.458691301886560     
         238  -4.2369453985758723        3.4378738687809740       -34.221000179191222     
         239  -4.2798209182359024        3.3075523052729663       -57.125918360623842     
         240  -4.3227202631978310        3.1850482421981905       -78.916433296070494     
         241  -4.4171167824841202        2.7815001612169237       -146.00581107916611     
         242  -4.4072982201170010        2.8292644733717758       -138.20048167747524     
         243  -4.3971002081533443        2.9722800002320895       -116.74989092963615     
         244  -4.3837596529579725        2.9582330172297713       -117.42254726757292     
         245  -4.3357446515115967        3.1025266615971701       -92.007669356163987     
         246  -4.4419671155219893        2.7686176960587163       -150.33119654841113     
         247  -4.4374190765336996        2.8237100181321764       -142.00606092480206     
         248  -4.4063617200574923        2.8476777835314993       -135.47635879156365     
         249  -4.2354758925205678        3.5120728827437331       -23.474190436123536     
         250  -4.3733780570485834        2.9868735437534992       -112.29288388752978     
         251  -4.4292915942876219        2.7517472172399922       -151.47371282764885     
         252  -4.4603193297670991        2.5757577059272410       -179.71784513456092     
         253  -4.3927894504119447        2.8516910176948409       -133.54581266081721     
         254  -4.4376703178741730        2.6844676000572285       -161.92295906955604     
         255  -4.3872841252691019        2.8350018919334916       -135.37944096958290     
         256  -4.2748119481891989        3.0885031760460437       -87.917754102656460     
         257  -4.2909278842681831        2.9831279273951852       -104.58295466067757     
         258  -4.2628524975521422        3.2086641710235471       -69.555952613593121     
         259  -4.3403907649974895        2.8192297092668142       -132.94327389480384     
         260  -4.3364478733552358        2.9304456235829779       -116.66099697112656     
         261  -4.3569220511328686        2.6764402280237896       -154.99489982877401     
         262  -4.3184523226704323        2.9048500794700640       -118.51794820449139     
         263  -4.4301330727344990        2.5571117892177111       -179.36292181837706     
         264  -4.4871020596946440        2.4321804700600600       -202.90715182262736     
         265  -4.5100720559209746        2.3682011067548485       -214.34406048886225     
         266  -4.4826147787348916        2.5514654634858891       -185.41771038010526     
         267  -4.4015041654215503        2.7919285708257582       -142.95477657164687     
         268  -4.3946290174717708        2.7536092765856255       -147.74144666811631     
         269  -4.4572364547212118        2.4825489739608120       -192.72509076803379     
         270  -4.3469129846709480        2.8981810776966617       -122.31672894360040     
         271  -4.3431702151826377        2.9037736682535540       -121.14351048664184     
         272  -4.4201115311386054        2.7013653279917853       -157.75311926249137     
         273  -4.3600987201163655        3.0146262394092043       -107.00027938635024     
         274  -4.3410600337421119        3.1017356552047106       -92.652208492424037     
         275  -4.1749577897631669        3.7808258810794690        20.970905316150137     
         276  -4.2843279561376670        3.4064710819004480       -43.445368346874417     
         277  -4.2862416198943194        3.3546148960880791       -51.044761267163729     
         278  -4.2182148339548009        3.6872311511909350        3.2745251986247279     
         279  -4.2604739829467722        3.6283518198947275       -9.3627227428878488     
         280  -4.1648741452003577        3.9554408173108975        46.924260662635042     
         281  -4.1850149998872421        3.7354412273326369        13.481662339909411     
         282  -4.1464388214263330        3.9028615200983570        41.256464866817630     
         283  -4.1920155114663071        3.6567557651414049        1.5408308689699028     
         284  -4.3270565345083458        3.1091703334215746       -90.189761680924050     
         285  -4.2977647361658882        3.3218239895791166       -56.881488109886462     
         286  -4.1104438207529927        3.9854186522007602        56.649840948780451     
         287  -4.0904490151935020        4.0201739025112211        63.614357263366777     
         288  -4.1537932016067822        3.8432261397630709        32.001686800874410     
         289  -4.2235692530997362        3.5530918909695952       -16.423668176060254     
         290  -4.1063627413956532        3.9830639397009291        56.721561384538838     
         291  -4.1803268065288668        3.6359471463588502      -0.26295846336530015     
         292  -4.1120949745155846        3.9989891254553962        58.423364608897927     
         293  -4.1075042482198265        3.8430935234200865        36.611636947715233     
         294  -4.1570537547953474        3.5650889264378591       -8.0582561358693621     
         295  -4.2296217331210517        3.1219204425126499       -78.624837386326774     
         296  -4.2069089367551307        3.2108684818873146       -63.646694981925386     
         297  -4.2893775509698449        2.9467807018092778       -109.62038212883031     
         298  -4.3470403200877339        2.7287231983731042       -146.53773096007268     
         299  -4.2814932369810235        2.9492339031915087       -108.48149338962959     
         300  -4.3108002903445115        2.9274857676277244       -114.51907523509041     
         301  -4.4111435004996267        2.5307821905557626       -181.22533583231055     
         302  -4.3359776882736103        2.8020025882900716       -134.96298350480760     
         303  -4.3252507306342114        2.9178702788796658       -117.33776051378288     
         304  -4.3560840594058883        2.8290809804785688       -133.10527887682173     
         305  -4.5526546789747249        2.2374711408847392       -237.27803220425250     
         306  -4.5075294877999488        2.3801617063474940       -212.38114659209563     
         307  -4.4512124512847686        2.4905992978157845       -190.97264415939333     
         308  -4.3218660009051675        3.0775389537571787       -94.189476844091033     
         309  -4.2646177709201689        3.4764976761051853       -31.470550653018954     
         310  -4.3533144976719997        3.0999300495552866       -94.135598549616134     
         311  -4.3758405628127193        2.8781822684551681       -128.06645950656204     
         312  -4.2962049982845176        3.1618746533293374       -79.575419500289243     
         313  -4.3510822834150655        2.8312016818103660       -132.30214394462578     
         314  -4.4239190198768377        2.6148486420083543       -170.49339470537620     
         315  -4.2925127451771887        3.0138592268470639       -100.35125511559579     
         316  -4.3464826439132258        2.7196634736550509       -147.77620973091541     
         317  -4.4370586326633283        2.4258670463772587       -198.80472678846709     
         318  -4.4853277281736696        2.2788189357775148       -224.63850928232191     
         319  -4.4085709166115485        2.5958334923109136       -171.67503433562433     
         320  -4.4900302790708340        2.2666317664682429       -226.84978855907721     
         321  -4.4632300695768503        2.3267440702232629       -215.58229564467601     
         322  -4.3568995238956312        2.7053697800036911       -150.85985396506419     
         323  -4.2708802235938812        3.0606379224461211       -91.505332157399096     
         324  -4.3004248995336178        2.9702118820507213       -107.37780552214406     
         325  -4.2948458866300685        2.9538073687854363       -109.16340612682998     
         326  -4.4949130964395358        2.2532219398360613       -229.25375981483020     
         327  -4.4701568194903123        2.4447539965816820       -199.41640972767607     
         328  -4.4390975714563332        2.4202285584036929       -199.81411894970518     
         329  -4.4147756882253821        2.5145024155523750       -183.91423674822704     
         330  -4.3166610577236000        2.8442131567019979       -127.00123924810254     
         331  -4.3028717207328286        2.9415276801272352       -111.72023077399142     
         332  -4.3631994551066215        2.6657684659861420       -157.14717766009849     
         333  -4.2803251583312534        2.9753255038008666       -104.63731400902947     
         334  -4.3228972935600627        2.7947227096373188       -134.69492669813150     
         335  -4.3878140842464397        2.5691792312965056       -173.40710267259968     
         336  -4.5718594934003827        1.9113195221885537       -285.79160203198711     
         337  -4.4307057587961163        2.4373220203226409       -196.53301455240529     
         338  -4.3822886030583872        2.4812133704624695       -185.42110610151423     
         339  -4.4624150953682795        2.2187646827179339       -230.92642501029405     
         340  -4.4397524633278085        2.4663191672816334       -193.29523544000421     
         341  -4.3639115726981688        2.7848165973239203       -140.21151351385629     
         342  -4.4149999994197282        2.6020583787621714       -171.42867312340476     
         343  -4.3738513211022640        2.7609794904930371       -144.61078933010626     
         344  -4.5037577379512950        2.2175127015093201       -235.23954372696886     
         345  -4.3919133156721237        2.5882134912608352       -171.09784582026373     
         346  -4.3172548542129974        2.9258467403771755       -115.39867837201662     
         347  -4.3282111580850611        2.9850108259901642       -108.04229652879613     
         348  -4.3185853632328222        2.8827481540622868       -121.68867017612602     
         349  -4.4833769756129467        2.3089112070831637       -220.14453812544170     
         350  -4.4421366306629855        2.5129711586990418       -186.86908197103429     
         351  -4.2907022613452046        3.0609142014447581       -93.448067504154011     
         352  -4.3604266232584541        2.7963616313192947       -138.21372799911674     
         353  -4.4425867132272661        2.4314255231257675       -198.56346673793058     
         354  -4.4336070912026226        2.5951287359217945       -174.27933127889094     
         355  -4.2925580107562800        3.0576721984848012       -94.096785725255828     
         356  -4.2708519861284371        3.0543795722720324       -92.396558435724046     
         357  -4.2770191755024998        3.0472916600213535       -94.025836266084340     
         358  -4.1596324513253009        3.4646371751881189       -22.666375967397691     
         359  -4.1763884457742559        3.3098133079067251       -46.459670738206597     
         360  -4.2691053908928520        2.9696079873231396       -104.33212533343566     
         361  -4.2259117223198626        3.1350775060208012       -76.374255805042182     
         362  -4.3667749896904606        2.6972637411305085       -153.00540609785833     
         363  -4.4533068297290610        2.3353150094525916       -213.36555176999209     
         364  -4.5102848587687001        2.2135268929082552       -236.46165703743290     
         365  -4.5534536398258965        2.0642282402945948       -262.10691408796129     
         366  -4.5247137665617911        2.1097848238545769       -252.72484339583903     
         367  -4.5778652657360590        1.9317292454043560       -283.47650452044013     
         368  -4.4442235085416328        2.6405312344819336       -168.85490178991483     
         369  -4.5081166220405864        2.3703503066309892       -213.84148854708835     
         370  -4.4570208897127257        2.4975579475978549       -190.55939517617816     
         371  -4.4392556793607802        2.5727888172870217       -178.03560704253152     
         372  -4.4304440038057189        2.4953020816134517       -188.22397315467833     
         373  -4.5281059377058703        2.1708385882619305       -244.34209416633936     
         374  -4.4248094355807019        2.5131042082951893       -185.11735537764264     
         375  -4.3359511809747655        2.8598994194756004       -126.68935689127593     
         376  -4.3289775443577279        2.8475156347667001       -127.76110533084358     
         377  -4.2976753500177693        2.9551957474866919       -109.24801265113467     
         378  -4.2049436678463570        3.3322478530970381       -46.110257918229678     
         379  -4.2753632700531083        3.0404557641932053       -94.836802268023902     
         380  -4.3117902019678507        2.9375248240499934       -113.18391547995701     
         381  -4.2450227563901635        3.2540238737051093       -61.293020971457153     
         382  -4.2797208569284972        3.0448444027217265       -94.645612594344996     
         383  -4.3623765667355814        2.7647291742931026       -142.92764477914261     
         384  -4.3685497472598120        2.6987472306124829       -152.97095478593988     
         385  -4.3527030721074684        2.7821412115447641       -139.47286142323679     
         386  -4.2966881027043087        2.8895636046052786       -118.52530833141866     
         387  -4.2434559328379713        3.0451102013926690       -90.981148946586373     
         388  -4.2674185052469520        2.9921697379064147       -100.94032954266360     
         389  -4.1259320118580449        3.4429643742892697       -22.392446434793460     
         390  -4.3184735257383737        2.8855640780532239       -121.27521157083278     
         391  -4.2618256996253407        3.0518206667545673       -91.859487716480302     
         392  -4.3268570015458208        2.7989236930436405       -134.49075701008945     
         393  -4.2703079851240942        3.0821628809186343       -88.373114242917794     
         394  -4.1208817029528797        3.5716309446677776       -3.5064769187758635     
         395  -4.1077063415089707        3.6657967300879788        11.263314285643842     
         396  -4.0068500190795833        3.9674698130483073        64.445101237200618     
         397  -4.0728279129676048        3.7760426518311023        30.500574531655012     
         398  -3.9272350066128441        4.2549713563985971        113.47825153391624     
         399  -4.2324611829971692        3.1501633539171259       -74.874080744726484     
         400  -4.1396207583702225        3.5405648845719924       -9.8183910456223114     
         401  -4.1089787674502158        3.7005397422484698        16.099359143018130     
         402  -4.0988521905824937        3.7174616164551209        19.529427430740384     
         403  -4.1775701896475006        3.4056959172639250       -32.880329503074101     
         404  -4.2930493451180309        3.0039903576798563       -101.81475356213686     
         405  -4.3019205815233219        3.0418260221192730       -97.296782282749362     
         406  -4.3181343266808776        2.9292772490695729       -114.99655294846198     
         407  -4.3272103183474862        2.9602130145813375       -111.48475704201368     
         408  -4.2370146423495836        3.2046408200625391       -67.546931516337395     
         409  -4.2156896785677480        3.3068851398841339       -50.808103735068805     
         410  -4.2327306531816502        3.2042981613092234       -67.167483850017589     
         411  -4.2291213294071834        3.2280578150306098       -63.412315226658656     
         412  -4.2558868652733777        3.2245273874712543       -66.593215607471677     
         413  -4.3773977216262496        2.9042284049435048       -124.50129874672319     
         414  -4.2836908727714036        3.2645384150156698       -63.657755279500961     
         415  -4.1380308766203395        3.8159548353105066        29.682018663439123     
         416  -3.9665223394028963        4.3913560505535862        129.03304599133762     
         417  -3.8958325139306127        4.5414107811249718        157.53841862019254     
         418  -4.0301821124516160        4.0230208197884423        70.047750005731004     
         419  -4.1687300026143861        3.5468879752118347       -11.826016807204324     
         420  -4.2346685273783091        3.3214295692014355       -50.628212999367847     
         421  -4.3424043328115403        2.9283758571190894       -117.55232384016904     
         422  -4.2332473138668547        3.2616278363965643       -59.029196334632573     
         423  -4.2754807698419519        3.2700684930688171       -62.046733836105808     
         424  -4.1646109577413064        3.6614747047013410        4.9554204643189887     
         425  -4.3044840722185311        3.1256169701918886       -85.582995913325547     
         426  -4.2419221466333346        3.3669353245784910       -44.852752728148296     
         427  -4.2125588031092818        3.3982321576076817       -37.445442228715763     
         428  -4.2322189251457880        3.3005487923374126       -53.366220899547649     
         429  -4.2725960264088361        3.1684989386736593       -76.268195834959997     
         430  -4.0855837640414574        3.8551889014160388        40.531596507832234     
         431  -4.1341540183269574        3.6211068615677711        2.2342796723870375     
         432  -4.0666839548790037        3.9976081719038072        62.767187493759053     
         433  -4.0347741113339488        4.2233264565892661        98.203641089044396     
         434  -4.0872924175957239        3.9216642221278475        49.857205539807147     
         435  -4.0074806058259753        4.1984723374878321        97.382403196779947     
         436  -4.0783958881029623        3.8941338188231613        46.813943731271031     
         437  -4.0895546532350968        3.8870686322260077        44.688754847035845     
         438  -4.0713774945272005        3.9465549798584521        55.004520379603520     
         439  -4.0891215131115537        3.7991745061693951        32.175765137017407     
         440  -4.0589248935149014        3.8948791915623460        48.867525009961376     
         441  -4.0745875280888892        3.8545282690656322        41.536844053031793     
         442  -3.9322632579536800        4.3330439153522002        124.12864910749126     
         443  -3.9843354314744324        4.1239416146023151        89.049674505432392     
         444  -4.0958891314218731        3.7668528158166543        26.881618969879462     
         445  -4.1276758272107585        3.5678320433803199       -4.7285895284855366     
         446  -4.1819603127517428        3.3737422398564263       -37.884152871711677     
         447  -4.1328912667908035        3.4872989426446841       -16.754862163009705     
         448  -4.1418415480807047        3.4520833617327344       -22.680687565135262     
         449  -4.0871035563991720        3.5313013490736500       -5.8900330625654842     
         450  -4.0984102342576882        3.5428345008679498       -5.3731077349457061     
         451  -4.1670371480554245        3.3862605386342430       -34.603508005248763     
         452  -4.2150014330182470        3.1956915375153496       -66.624079518515927     
         453  -4.2973991998135377        2.9222746355782983       -113.92341361762374     
         454  -4.3020163157791558        2.9676591507698422       -107.90162304396512     
         455  -4.2733470803304598        3.0010925074318813       -100.25850569023274     
         456  -4.3404741769897344        2.7578643174682167       -141.71809963668355     
         457  -4.3670740299173900        2.7177307215531394       -150.11145577446004     
         458  -4.3373287294618663        2.7562678833295218       -141.63161690370998     
         459  -4.4208248386336804        2.4752472795482623       -190.12702836107118     
         460  -4.4144176807066877        2.5766838983668596       -174.99536702285809     
         461  -4.2680002076053913        3.0721624763967572       -89.570965708457450     
         462  -4.1504735727803821        3.4817004531616966       -19.312876973822302     
         463  -4.1755716763681106        3.3307485668994321       -43.387242512918739     
         464  -4.1606851189405099        3.4489611238490436       -25.011078634499846     
         465  -4.1312963470415163        3.6988299755095539        13.623348792615092     
         466  -4.2011838568638851        3.4366883022539696       -30.814212654704974     
         467  -4.2392522822086942        3.2576941044760854       -60.191654871740788     
         468  -4.2146335700312587        3.3777776424101136       -40.574992520564493     
         469  -4.2507222964168676        3.1794044969667938       -72.522885936742625     
         470  -4.2555150350678161        3.1297339218218720       -80.097956251111995     
         471  -4.3422618208206281        2.8550169718634937       -128.01791339187591     
         472  -4.4063011550590456        2.6020298987547958       -170.56285725981743     
         473  -4.4338848276328866        2.5025910209416162       -187.52677849051298     
         474  -4.4819724432894423        2.2499587790849698       -228.42586032140383     
         475  -4.4518199053798053        2.3707809499540753       -208.15029640628234     
         476  -4.3878553769155992        2.5940954675639247       -169.85176961559748     
         477  -4.3656305356282745        2.6174896252116362       -164.28726296576340     
         478  -4.4957359277071562        2.1438718696711989       -244.95748153657112     
         479  -4.4693521115031327        2.2889187764881322       -221.59811322803552     
         480  -4.4883914245752807        2.2107324577230592       -234.67151864454647     
         481  -4.3919062071982777        2.5025092921728413       -183.34059198544864     
         482  -4.3775128758956026        2.5453969873386662       -175.77444526006323     
         483  -4.3947979928670549        2.4381915024486815       -192.81802622720633     
         484  -4.4713538102205632        2.1282106052932801       -244.75659327047174     
         485  -4.4613115925575686        2.1240272205457482       -244.34999789667685     
         486  -4.3839243296363470        2.5338368317342805       -178.06704143476421     
         487  -4.2688987074787654        2.8868651706505144       -116.13185937382993     
         488  -4.2696755435689289        2.9139405509500844       -112.34163151147909     
         489  -4.2692971311861427        2.9516734886757279       -106.91337059810866     
         490  -4.1357567924667187        3.5097408801376799       -13.835423660172886     
         491  -4.0982124049439577        3.7421521501872235        23.120625099180490     
         492  -4.2047241493074283        3.2868609058605394       -52.572155669550156     
         493  -4.2273944045482130        3.0685858240183368       -86.021335742514538     
         494  -4.1382107485825745        3.4389118924873632       -24.199246078946871     
         495  -4.0949828098198671        3.6132124327154989        5.0236249727716569     
         496  -4.0965293087569146        3.6091216885751622        4.2845830590191554     
         497  -4.1017333052742089        3.5769439506032841      -0.83263630297868296     
         498  -4.2802281693322648        2.9986867791636058       -101.29029005730958     
         499  -4.3446851581454373        2.8412656197831669       -130.22472599297515     
         500  -4.4167179135473962        2.6351423108831860       -166.87418851888259     
         501  -4.4071167953841828        2.8130432401196579       -140.49965824020836     
         502  -4.3948283418646712        2.8508329141212889       -133.87228803088149     
         503  -4.4068359376170392        2.8340528620152581       -137.47019790697948     
         504  -4.2958127481652539        3.2270665548694533       -70.223065696916038     
         505  -4.1964193310960312        3.6296833125173711       -2.7670443260054221     
         506  -4.3158916891773620        3.1902665080407369       -77.488109345086457     
         507  -4.3947629941004047        2.8657297894800822       -131.73762820319860     
         508  -4.4128430855596106        2.7361071705611346       -152.06315433754023     
         509  -4.3592893164035846        2.8967807252496360       -123.75441246643754     
         510  -4.3258012629219271        2.9757047789472217       -109.13074230433095     
         511  -4.3013001820313219        3.0293967531391797       -99.010352187847985     
         512  -4.2365289473588046        3.1322707500054694       -77.836943453983594     
         513  -4.3869350735485328        2.4703965509390624       -187.43101308244295     
         514  -4.2676292334103394        3.0084688488304101       -98.632957941288112     
         515  -4.2872107583485777        2.9295033336810516       -111.87189831359174     
         516  -4.3280553507390644        2.6983978123462351       -148.97143202904277     
         517  -4.2596217230583724        2.8300605925403994       -123.31910066180708     
         518  -4.3858988938724259        2.5199007585744919       -180.25536545262776     
         519  -4.3668170686432424        2.5563188137138857       -173.14460362408175     
         520  -4.4872505110710783        2.1182019567876127       -247.77607028490451     
         521  -4.5362597184067059        1.9997075230773962       -269.60476726278398     
         522  -4.4025123394974992        2.5602113686400827       -176.15805143433676     
         523  -4.3615847214519485        2.6859925842828094       -154.09654453796372     
         524  -4.4251467948150118        2.4519095950850662       -193.89317890251917     
         525  -4.4059594016285555        2.3993332437345720       -199.48534691965864     
         526  -4.3862346233437037        2.5627514979601003       -174.16740420181216     
         527  -4.4327637862107112        2.3918942203056703       -203.22850301057429     
         528  -4.3182636550366400        2.7814398578944726       -136.12911309476701     
         529  -4.3884492750065167        2.5218534280382494       -180.23145078550067     
         530  -4.3628774280374207        2.6574898618319240       -158.29763268949466     
         531  -4.2051862222856320        3.2471044862773857       -58.297851479249999     
         532  -4.2271860497457601        3.1421426329596249       -75.492384699228523     
         533  -4.3942053945838451        2.5328548697139985       -179.23542821812643     
         534  -4.3973571170132946        2.5496530607467953       -177.15085888495753     
         535  -4.3529999709749916        2.7366822113999687       -145.99669418781662     
         536  -4.4100360866739878        2.6156199003724856       -168.99492161878513     
         537  -4.2929785596040064        3.0384172855473457       -96.889542458235326     
         538  -4.2451639331021731        3.1243502761377870       -79.831938295131792     
         539  -4.3229709904381473        2.8765947276933193       -123.00629380651014     
         540  -4.3286539179932255        2.8659522919904727       -125.09493451956753     
         541  -4.3836189738813394        2.6028694634747982       -168.17470132490396     
         542  -4.3332085318725104        2.7587804457284406       -140.86065965921489     
         543  -4.3077759494704226        2.9517638279457010       -110.74834681654025     
         544  -4.4156853121749160        2.5604326154421884       -177.44374201606277     
         545  -4.4234854409350524        2.4915706469431109       -188.06117896337329     
         546  -4.3676425247351292        2.6339999752147998       -162.12984044742521     
         547  -4.3806227489349077        2.7265033073278948       -150.21310113696094     
         548  -4.4276128601120970        2.4725207623955274       -191.19533295930370     
         549  -4.3182850069496670        2.8945936763846403       -119.96641707318749     
         550  -4.3841410935063747        2.5533934162231620       -175.29492003764102     
         551  -4.5026467771238172        2.1218665186236163       -248.79218805646315     
         552  -4.5066400759471437        2.1770384817109991       -241.30980892631254     
         553  -4.4638825408247236        2.3159545985702783       -217.18889586274486     
         554  -4.5276398070901429        2.1487951427149943       -247.44454475432758     
         555  -4.6139275093258023        1.8863482668247571       -293.56572581935586     
         556  -4.5291793775488287        2.2016544554060378       -240.04717141576151     
         557  -4.5179285648149623        2.1996182083724669       -239.21298257574216     
         558  -4.4708498302387900        2.3339908219032406       -215.30902147087173     
         559  -4.4439787821795074        2.3816276501808762       -205.81665548242401     
         560  -4.5260554236466666        2.1019164222169331       -253.98306648113189     
         561  -4.3593794737473646        2.7758019719258500       -141.04610724707092     
         562  -4.4221404754847988        2.5797367268873614       -175.33152814059852     
         563  -4.4074662070472579        2.5732884108485545       -174.78528930238824     
         564  -4.4488567218368775        2.3789745296825853       -206.68346666220307     
         565  -4.3623556085543482        2.7646640209253057       -142.93485658499003     
         566  -4.4901223809069624        2.3078460217523546       -220.97124798781576     
         567  -4.6392762254854425        1.7675243275572183       -313.07544590211171     
         568  -4.6180545827641106        1.7641200834840765       -311.43960221185603     
         569  -4.5668929877402924        1.8697485797941849       -291.23365752231592     
         570  -4.5508153969604752        1.9733365903939706       -274.82761121579335     
         571  -4.6148740245977171        1.7429722097824760       -314.14267120973102     
         572  -4.5349098416708786        1.9404259147563210       -277.93858077792618     
         573  -4.4195245675606163        2.4539585162259350       -193.03825315695505     
         574  -4.4860071092785176        2.2784682008567883       -224.75655238148039     
         575  -4.4679132628081808        2.3948300606432609       -206.32404490780758     
         576  -4.3477597197921831        2.8505833179579114       -129.20108241840069     
         577  -4.3089057177482157        2.9702744575966351       -108.21694797990057     
         578  -4.1618703004762265        3.5329946740981599       -13.124803895341151     
         579  -4.1750174759768379        3.4993134692385786       -19.251122139628471     
         580  -4.1641058288603610        3.5147103155676360       -15.960407952401159     
         581  -4.2308881923616282        3.2211308616442302       -64.578566291585659     
         582  -4.2521063918552571        3.0805113911876321       -86.788882020462665     
         583  -4.0586203508123440        3.8148183538972917        37.460716756637055     
         584  -4.0627492500482809        3.8542069172416111        42.674764453660131     
         585  -4.0983203974172033        3.7791290985189292        28.392247042099086     
         586  -4.1269305247115726        3.6012056902200245       0.11360455567596262     
         587  -4.0829342176874199        3.8738367625601242        43.460531306676984     
         588  -4.1696896717907030        3.4816146744549705       -21.246740975816138     
         589  -4.1242982036555675        3.6866779178375353        12.587154892349711     
         590  -4.1876999237933914        3.5074510565480272       -19.356854448505544     
         591  -4.2624629517743262        3.3622420080259117       -47.577307035472685     
         592  -4.3890232113053793        2.8952958095603596       -126.93993276937108     
         593  -4.4307547320392500        2.8811095255819872       -133.13969683966860     
         594  -4.4783981592440538        2.7454953247647351       -157.27749681975646     
         595  -4.3276477348376270        3.2364533272218718       -72.065596885237113     
         596  -4.2942189339135624        3.3297704053493256       -55.391705631765980     
         597  -4.2719167097099664        3.3487352568722288       -50.452218708134382     
         598  -4.1377660382620407        3.8470109492165721        34.145090200135989     
         599  -4.1820048195958064        3.6072570250433635       -4.5293485294130846     
         600  -4.3473876338154147        2.9776275283650255       -111.01470090542225     
         601  -4.3354219927075350        3.0163613386921879       -104.28473531932529     
         602  -4.3251953443926343        3.1365866200058887       -86.087030300163718     
         603  -4.2025542757085006        3.6182611792002941       -5.0122721182638923     
         604  -4.1582084226559104        3.7604483239591184        19.734762438255739     
         605  -4.2813282574493829        3.3804383351364562       -46.864362301471701     
         606  -4.3394926297518008        3.1383262680192816       -87.268237691309864     
         607  -4.2956103563293961        3.3180666079685475       -57.202818927745767     
         608  -4.2105678963309625        3.5934404589567031       -9.3594513581659129     
         609  -4.2080457347354896        3.6096235762919404       -6.7953612935844570     
         610  -4.3543470215710798        3.1717745634664860       -83.975348952208279     
         611  -4.2075230007963675        3.6759072467350524        2.7260078779153689     
         612  -4.2274710742347761        3.5876136493689028       -11.882170518232886     
         613  -4.3634807510191305        3.0750645118635243       -98.704443554579697     
         614  -4.3853632437513239        2.9762441299069886       -115.00989025016121     
         615  -4.4249950601614509        2.7391974282171017       -152.83688641830054     
         616  -4.3131006301709558        3.0606081233159239       -95.731629833705256     
         617  -4.2325966657201661        3.3680862984580866       -43.755779796888731     
         618  -4.2739546680002505        3.3177478298018146       -55.082789832936065     
         619  -4.1764045103786138        3.6027932056777692       -4.6070060884930832     
         620  -4.2742525081361444        3.2711013935194035       -61.776350458298460     
         621  -4.2186686999422749        3.4886001862518805       -25.146713534271900     
         622  -4.2583888005370278        3.3715250621497326       -45.843741322625263     
         623  -4.1007412579007978        3.9239365051548987        48.836933370307285     
         624  -4.1611033107082358        3.7585393809359990        19.172567486863777     
         625  -4.1811525616496379        3.7295957054598423        13.032831610415194     
         626  -4.1989181336556287        3.6702931875619731        2.7844861386919924     
         627  -4.1954469505715535        3.6320204756105579       -2.3359258316740785     
         628  -4.2996118664423468        3.3004023732461212       -60.126432042244531     
         629  -4.3488103277827790        3.0614380569289832       -99.184037650164697     
         630  -4.4008547841205514        2.7921182692291984       -142.86273866962557     
         631  -4.3545885263276389        2.9910358005319857       -109.81932270422189     
         632  -4.2904783437735192        3.2672682799937700       -63.946521668555064     
         633  -4.2666009470319777        3.2555456769415967       -63.233439573282865     
         634  -4.2178121075610360        3.4149918009705127       -35.576537907772320     
         635  -4.2998646114310253        3.1449407611678790       -82.360508266576275     
         636  -4.2088313147021843        3.3989780081343923       -36.966143312761659     
         637  -4.3998003331658131        2.6716927531333567       -159.96093873070103     
         638  -4.2531243057034933        3.3069288692906680       -54.545319390567521     
         639  -4.2357668310875196        3.2840086927656751       -56.083882861112038     
         640  -4.2786900954932037        3.1772039720953611       -75.634026540296574     
         641  -4.1532066628411641        3.6802207061940431        8.7738501675763398     
         642  -4.2366224230123013        3.3338366304886256       -49.051165236025525     
         643  -4.2799304994626164        3.0696931495306776       -91.116755875049762     
         644  -4.3189449504259656        2.9260366917074654       -115.54055208898642     
         645  -4.1637068476485402        3.4864512896577642       -19.957513532629743     
         646  -4.0971957588800354        3.7321760196481897        21.797128199995704     
         647  -4.0694164173738283        3.8011130563908129        34.423210456705178     
         648  -4.2396758282841818        3.1388733138207829       -77.208408144334328     
         649  -4.3367583201897268        2.7880571350757872       -137.03325429845967     
         650  -4.2527841111591327        3.1235237631567223       -80.712029383838257     
         651  -4.1787192988494875        3.4987483667027126       -19.702033360589404     
         652  -4.1127752422819084        3.7089696488541266        16.923984032084807     
         653  -4.1847752040199460        3.4760373176497881       -23.552059456624427     
         654  -4.2234133913253764        3.4069631684045234       -37.283613793633656     
         655  -4.1074599989671690        3.9731440270305036        55.194705245898511     
         656  -4.1687893937199281        3.7052040656213308        10.784628426455319     
         657  -4.2041920196165155        3.5450452830119401       -15.635460250259134     
         658  -4.3946661385227745        2.9491060456867961       -119.81704890162011     
         659  -4.3780899070774577        2.9158380144962743       -122.91200164144905     
         660  -4.3209491020070203        3.1641988603276543       -81.717800301351190     
         661  -4.3013992368404681        3.2649990496447234       -65.362786739400320     
         662  -4.3281369209566529        3.0925927075329538       -92.666032595557155     
         663  -4.3863227456139615        2.8000022122926795       -140.28325723847007     
         664  -4.3853588802527037        2.8083673990767331       -138.99184401890810     
         665  -4.4036357445204457        2.7188719714583534       -153.60459153402209     
         666  -4.4653142240040813        2.5189504221807777       -188.33266080775368     
         667  -4.3817814331805662        2.9336352681720941       -120.73868944092848     
         668  -4.3912151909660686        2.7069587243053514       -154.06442862901341     
         669  -4.3540238476277429        2.8157834589133550       -134.79890363689444     
         670  -4.4262851771458172        2.5118708208693006       -185.44112773785250     
         671  -4.3493811798877395        2.8085879826210425       -135.36256204751018     
         672  -4.2844974618862919        3.0009037209119933       -101.40051334865815     
         673  -4.3526849910508423        2.7888832261409062       -138.50790837526861     
         674  -4.4112557412462055        2.5728017784587323       -175.23376163511546     
         675  -4.5072312004009429        2.1228294955197402       -249.11306225615971     
         676  -4.5026063398742666        2.1104402761601238       -250.42046468343725     
         677  -4.4874165997705804        2.2004901777582342       -236.03721901619582     
         678  -4.3467688882381994        2.7597464337645627       -142.07869700491094     
         679  -4.3530915388009825        2.8011517823135730       -136.79591226847347     
         680  -4.2174977009299122        3.3942315052386522       -38.510853777783588     
         681  -4.1641363046685029        3.6369074437757813        1.4932770679471585     
         682  -4.2592051100317967        3.2194702247951055       -67.647491894193109     
         683  -4.4001649030470738        2.6638632364002746       -161.11589810926830     
         684  -4.4391478476938024        2.5439392209940390       -182.14619477483194     
         685  -4.5188079595040938        2.2496387860262175       -232.15512523697819     
         686  -4.3583873767862311        2.8815472905460204       -125.84042346236309     
         687  -4.4421778761263679        2.4876111319701879       -190.49606747863851     
         688  -4.3988181072413708        2.5355016048410626       -179.31859446572804     
         689  -4.4461099110275457        2.4684790743573863       -193.62242205629917     
         690  -4.3650471898015564        2.7381852524868320       -146.98669591520792     
         691  -4.2777238420406061        3.1467655357757200       -79.885749240700306     
         692  -4.3237567834234367        3.0626786349769537       -96.501457778806909     
         693  -4.2318555359876937        3.2870043777441351       -55.264798354206633     
         694  -4.2325158961329086        3.2194649667646171       -64.979321651516372     
         695  -4.1883058354751626        3.3529816336779295       -41.484506026697282     
         696  -4.2377680863746177        3.1690154307076019       -72.711617255261004     
         697  -4.2296618245416893        3.3558952944956104       -45.203867673681415     
         698  -4.3074073549748588        3.0922523310677015       -90.641701206699608     
         699  -4.3414777643709641        2.8167105424961463       -133.41185479938960     
         700  -4.3636627290232752        2.8236006972947703       -134.64604343624583     
         701  -4.4052931615272719        2.7647948074317803       -147.20992809564390     
         702  -4.4236518937181231        2.7785981172725416       -147.07389990890599     
         703  -4.4073316644562599        2.7138584074856626       -154.69040695227386     
         704  -4.4157783944456304        2.6677990159139973       -162.11499303287707     
         705  -4.4168913211516267        2.6408975585305683       -166.06935104396649     
         706  -4.4030272178108367        2.6717431666440596       -160.27642526510328     
         707  -4.4023866083387757        2.5778493458801748       -173.62576728416653     
         708  -4.3978577261892831        2.7089699349723912       -154.44136634175769     
         709  -4.4115735256945650        2.6222087380774877       -168.20740299155776     
         710  -4.4547261146626571        2.4735301787345261       -193.76245608021856     
         711  -4.4523775294893024        2.5065151034034807       -188.81546546731803     
         712  -4.4022289014306271        2.6917208875691072       -157.34263349493227     
         713  -4.4436486595170308        2.5573755305416443       -180.67680316463876     
         714  -4.3330832588019881        2.9231697512483259       -117.36394584932253     
         715  -4.2960827976685207        3.0031807277193776       -102.23376024011141     
         716  -4.2644490306919005        3.0588661972343081       -91.115316468887727     
         717  -4.3127971750498197        2.8379920505012635       -127.50358043797154     
         718  -4.2750356587540788        3.0293680175040212       -96.388004950860577     
         719  -4.2962550339627805        2.9903328559713866       -104.08639411924987     
         720  -4.2223018230968963        3.2411659378350919       -60.857775623560904     
         721  -4.1674883591018661        3.3955679888060004       -33.318993371071087     
         722  -4.1952077134949839        3.4001921852154942       -35.430329323312307     
         723  -4.3237699848657583        2.9064841912926194       -118.81626987794331     
         724  -4.3537591579516075        2.7495204672624878       -144.23857633368985     
         725  -4.3948476466130071        2.7177967051358625       -152.87939121791916     
         726  -4.3387852739121149        2.8597023612363031       -127.00091736205290     
         727  -4.4861579367655597        2.2594752012508454       -227.48492078817691     
         728  -4.3831259778559346        2.6208149783739376       -165.56175673677288     
         729  -4.2669973658432916        3.0891794403426571       -87.039686682834443     
         730  -4.2985918300599488        2.9948783743798648       -103.67071395632756     
         731  -4.2951980172785253        3.0248925666198527       -99.043590929615377     
         732  -4.4331242854336201        2.4520182487664712       -194.67540600989363     
         733  -4.3666221701334997        2.6531846263293812       -159.28714054232313     
         734  -4.3090986149460768        2.8492810165052531       -125.52101499845631     
         735  -4.3212124513798527        2.7324407946067097       -143.42385891305437     
         736  -4.3716848469562599        2.5496390852928439       -174.58562837267615     
         737  -4.2818398382491907        2.9157766489816495       -113.29576126071106     
         738  -4.3448319233710491        2.6519956104840263       -157.27797527255746     
         739  -4.3773759418212919        2.5757209656209499       -171.42875495516407     
         740  -4.2727614629907524        2.9630024886062278       -105.64137521707056     
         741  -4.2984822202735318        2.9286973578034838       -113.11418391716929     
         742  -4.2652631423497844        2.9973690742193826       -99.982030922523037     
         743  -4.2106712721002575        3.1843493381955836       -67.811377615255992     
         744  -4.1674901172085503        3.4158791795506716       -30.417570503929895     
         745  -4.1619471478354049        3.4627701281554071       -23.164566623081576     
         746  -4.2606714524336020        3.1396541427298663       -79.196423572264237     
         747  -4.1562837868668767        3.5676162469318182       -7.6202135581700432     
         748  -4.1135555959846064        3.7423135668837606        21.609365523191482     
         749  -4.1561373243032378        3.6358713333654746        2.1451593315733000     
         750  -4.3623304670362710        2.8804722183613700       -126.38831422803067     
         751  -4.4244669262936860        2.5853180977837713       -174.76683452200047     
         752  -4.4462349570321908        2.4919729258025818       -190.27866216459230     
         753  -4.4120680371301573        2.5273691737725392       -181.80536332153775     
         754  -4.4892161700840720        2.1200403768769482       -247.71000474487087     
         755  -4.5390540032166857        1.9892542103767610       -271.37752612958747     
         756  -4.5460178073088473        1.8852381655971369       -286.93334150732153     
         757  -4.3668048727066555        2.5909625794527020       -168.19427463916466     
         758  -4.3111574047453987        2.9043560236834391       -117.85903581007662     
         759  -4.2861882443436059        2.9570023694393894       -107.84121323333278     
         760  -4.3292510664523860        2.8789071860165669       -123.30395021890000     
         761  -4.2411974194692768        3.2671725318282947       -59.032107547484870     
         762  -4.3075762963475421        2.9891481534808833       -105.38776357065592     
         763  -4.4348466304996341        2.5133165601516900       -186.09073889003551     
         764  -4.4120958248771602        2.5423584264923509       -179.66682027912225     
         765  -4.3844514902724692        2.6800703516177768       -157.22925465787804     
         766  -4.3844479053195808        2.7258410304504626       -150.69022775791959     
         767  -4.3338608000164029        3.0216984311975805       -103.36617426372766     
         768  -4.3655804899589761        2.8714063480251850       -128.00844085404134     
         769  -4.3284876623614430        2.9579611067085176       -111.93419256809761     
         770  -4.3676997969739819        2.8610870799839803       -129.69455270428537     
         771  -4.2984017334396718        3.1059290203540346       -87.787326297989424     
         772  -4.3934864083780409        2.8739920884026753       -130.42964121344906     
         773  -4.3812131465404196        3.0119223163775839       -109.49799674755691     
         774  -4.2932481542580865        3.3548938940590869       -51.705557850537545     
         775  -4.2953346366754195        3.3700217325916917       -49.753086301898648     
         776  -4.1492305085760011        3.8837408094556274        38.245766060034029     
         777  -4.2448816113535379        3.4738681059605083       -29.872587574165333     
         778  -4.2445819151169779        3.3832753791501329       -42.784436066277351     
         779  -4.2802120398856349        3.3520493519743413       -50.808309568256078     
         780  -4.3358509697995871        3.1567027610401013       -84.278858407399824     
         781  -4.4210533281358773        2.7509073341443253       -150.76986951185404     
         782  -4.4122574450033030        2.9284615646569421       -124.52539112536574     
         783  -4.3565895149317022        3.0952815346184464       -95.127173837990867     
         784  -4.4361080161113851        2.7826298945200163       -147.74354397002062     
         785  -4.4290519014505421        2.8430957929091352       -138.39994701977639     
         786  -4.4185096807858617        2.8381789310642822       -138.04813378828723     
         787  -4.2806484972296266        3.2366463129479408       -67.338103734998526     
         788  -4.2433470696743321        3.2227000305060827       -65.600287042591432     
         789  -4.1907879324451267        3.4206303104552429       -32.068619041219222     
         790  -4.2634413937828208        3.1667396253807327       -75.604063042775849     
         791  -4.2445583217217893        3.1640513793283063       -74.099790987019304     
         792  -4.2771575524334251        3.0721854623364040       -90.483416485597360     
         793  -4.2297975768876945        3.2428418197919431       -61.367939294518941     
         794  -4.1176726658754230        3.6888830246154516        13.564723924352316     
         795  -4.3233618197625709        2.8506231690373727       -126.75559940408790     
         796  -4.3888890949580279        2.6330821694475697       -164.38561257931977     
         797  -4.3181339422081111        2.7651805448966575       -138.43890081160137     
         798  -4.3355915177024329        2.8302898805290462       -130.88332469926371     
         799  -4.3190648947743231        2.8683206362822147       -123.79769729885736     
         800  -4.2347897465154460        3.1076612294167392       -81.178669168037487     
         801  -4.2513775275312922        3.1942841249737537       -70.462747904334492     
         802  -4.3030838546308230        2.9705991330909880       -107.58837945468269     
         803  -4.3728436100197019        2.7084160007860563       -152.01908817998932     
         804  -4.3348379596974045        2.7685484074882640       -139.62817933315836     
         805  -4.2750124916802266        2.9829063594190774       -103.02306796989576     
         806  -4.2489372402609806        3.1447115791196847       -77.300511442170261     
         807  -4.3548827963589929        2.7065722837149728       -150.48639496693036     
         808  -4.4002536801668422        2.5982799256916964       -170.49382020818331     
         809  -4.1347938725202056        3.6160491250158620        1.4477604599323435     
         810  -4.2897894631905045        3.0904125405652056       -89.142739242905535     
         811  -4.2094222001411952        3.3128358762891876       -49.331250691691224     
         812  -4.3140487166818060        2.9150695871779932       -116.61765793306566     
         813  -4.2456843627426997        3.1082279331327944       -82.187173117040601     
         814  -4.2453497810427603        3.1259249893086904       -79.625564064775858     
         815  -4.2505411096367753        3.1295584396614196       -79.625632588073188     
         816  -4.2539068469811472        3.1623997925246865       -75.270584484900766     
         817  -4.2510681393823146        3.3325162201567542       -50.684366920436432     
         818  -4.2094288801938919        3.5745973948177241       -11.937416050026822     
         819  -4.3764261872726351        2.9356332098152018       -119.91774461540413     
         820  -4.3556775261356595        2.8332714186625614       -132.46599152351243     
         821  -4.3515379887923391        2.7973976678274322       -137.17685933705573     
         822  -4.3684236381290411        2.7252743225787279       -149.16875930625491     
         823  -4.3856713397240279        2.6927938220600143       -155.53360096842715     
         824  -4.2447601322190724        3.2502475772022139       -61.806229483331933     
         825  -4.3046626696599306        3.0457994693803556       -97.003355773397686     
         826  -4.3447633159481773        2.9791288723423506       -110.53779140765155     
         827  -4.3350881104071837        2.9856406449292940       -108.64001762684603     
         828  -4.4332168694075031        2.5502426838498371       -180.65260225251436     
         829  -4.4448640805535300        2.5522550927737186       -181.52983637799136     
         830  -4.4016046964826696        2.7846094827413221       -144.01041368981899     
         831  -4.4077727644817228        2.7091393987462959       -155.40866106044237     
         832  -4.3515503116133836        2.9944383473724638       -109.02942311272727     
         833  -4.4612405843011178        2.7104755249916237       -160.56456786447791     
         834  -4.3472017328364236        3.0524584372941508       -100.30598096050448     
         835  -4.2701359784058983        3.3143066335621567       -55.192520336308277     
         836  -4.2629860875494350        3.3696544636317469       -46.570698383577550     
         837  -4.3889906009141439        2.8709473526833693       -130.41502271267382     
         838  -4.4412211879980896        2.5644062684627240       -179.42966488116068     
         839  -4.5060876095319342        2.3028638269560782       -223.27951296406619     
         840  -4.4420977215958777        2.5444611504667978       -182.36662081178642     
         841  -4.5203060145286980        2.2985652661811065       -225.31543357445287     
         842  -4.4860537850003475        2.3093872122648111       -220.34421832394574     
         843  -4.3483260284922407        2.7842825892744436       -138.72924595747321     
         844  -4.4344405978977726        2.4855143232745975       -190.02188375514729     
         845  -4.3401201823894633        2.8380910038984668       -130.22174497233505     
         846  -4.3420035514166901        2.8138747341840165       -133.86954897712221     
         847  -4.3826099339254334        2.6411474797067824       -162.60550929617270     
         848  -4.4218889317047312        2.5233659270329358       -183.35934517036640     
         849  -4.3693608418100807        2.5965166320077051       -167.65643547022012     
         850  -4.4034482348538670        2.4753366478759879       -188.37660107912961     
         851  -4.3834143694317378        2.5301362176186353       -178.54470457368143     
         852  -4.3962626162893290        2.5461063636137786       -177.54807983156277     
         853  -4.5077087181500621        2.1226039844010800       -249.19302990516454     
         854  -4.5414846309505092        1.9760936699787404       -273.50066610268613     
         855  -4.4128791999137844        2.4571535137206704       -191.91728817873800     
         856  -4.3556896187688103        2.7365654115811813       -146.28234465559623     
         857  -4.4301930418111084        2.4790811061219311       -190.51615916829039     
         858  -4.5438592674943274        2.0364403015968078       -265.11718238305838     
         859  -4.4595412634667033        2.2138349807965945       -231.34328495175501     
         860  -4.3850768833184475        2.5257235238586033       -179.34134078521373     
         861  -4.2385046879696713        3.0272724477909225       -93.034274974290440     
         862  -4.3411407666354478        2.7178889653989771       -147.49552318257454     
         863  -4.4494273378899969        2.2442106701561388       -225.99250819986338     
         864  -4.4861976588967059        2.1538184215716236       -242.58271866975079     
         865  -4.4935157893217870        2.2322486911146275       -232.11020749182964     
         866  -4.4142351526217540        2.4826332697136850       -188.41291830767526     
         867  -4.4303185911219227        2.3236275076676076       -212.73637102141754     
         868  -4.5220019005345202        1.9417891320317342       -276.45304133923065     
         869  -4.4468819562587560        2.2065206851919932       -231.12225360304572     
         870  -4.4158356970134625        2.3091542064047132       -213.35569607669908     
         871  -4.3791214652339328        2.4337655325873877       -191.88265487264974     
         872  -4.4242026667711212        2.2948035584183137       -216.24248562195049     
         873  -4.3577687577004260        2.4375143960223902       -189.21183220001296     
         874  -4.1684868667121853        3.1411780442596458       -69.760264781581114     
         875  -4.3191621153656961        2.6630200958412340       -153.13606799241961     
         876  -4.3005582666214330        2.7410734074868492       -140.12521002576250     
         877  -4.3524830586193888        2.6024706745814754       -165.11807964061148     
         878  -4.3543805103241313        2.6199064809997306       -162.81699532276346     
         879  -4.4494782679076943        2.3107751405433117       -216.48839114632247     
         880  -4.4330918889815489        2.2645933476200231       -221.44715224274907     
         881  -4.3272267821809818        2.7606428631519000       -139.99642505813844     
         882  -4.2862384743443940        2.9897533534308316       -103.16752423463230     
         883  -4.2783041503732813        2.9010310839886175       -115.04870175783739     
         884  -4.4632114405658969        2.2606375155586935       -225.02422626708821     
         885  -4.4494966713839110        2.1936295692515326       -233.22531310705554     
         886  -4.4481095019106345        2.2835334823192097       -220.24318000720248     
         887  -4.3790519761686415        2.6059982260985004       -167.27103546453296     
         888  -4.4085356455595255        2.5773884839938019       -174.30650841857835     
         889  -4.4747325385690253        2.2572844193224566       -226.65534981543470     
         890  -4.4019172341225188        2.5081368359689931       -183.53775984985023     
         891  -4.4364605505274470        2.3846542126988508       -204.63246624322048     
         892  -4.4581045610796304        2.3482197210762363       -212.00179467309817     
         893  -4.3187129193748444        2.8102952215231713       -132.05184472448616     
         894  -4.3584230540660016        2.7211002242800060       -148.76500065691127     
         895  -4.3165375409816509        2.9172530193988702       -116.55462147435264     
         896  -4.3861727288315340        2.7545743086357666       -146.75795608264141     
         897  -4.5350680976982956        2.0606432011332210       -260.78050832682408     
         898  -4.3313239937926431        2.7143797455478822       -147.01516301987857     
         899  -4.2348950306421713        3.0737502454780055       -86.033623857671031     
         900  -4.2783830872881303        2.9797377905303897       -103.81278022906916     
         901  -4.2420444763196210        3.0723988415588241       -86.941626128156258     
         902  -4.2641034558210915        3.0235034343185889       -96.132582255479662     
         903  -4.2413841532661225        3.1342306755900911       -78.042474675482410     
         904  -4.1597382758755268        3.4683926246261070       -22.140465645563328     
         905  -4.1818898178029897        3.2467303939830776       -56.021652787313656     
         906  -4.1869109344901911        3.2696927193962892       -53.243432254146427     
         907  -4.2157282330964918        3.2165939597421414       -63.710699208226266     
         908  -4.1654124997439741        3.4435727360248825       -26.253586404011489     
         909  -4.1701796402326616        3.5246959454064219       -15.141270541231798     
         910  -4.3462605711152795        2.7960238185392119       -136.84538175338065     
         911  -4.3788427939513914        2.6220868178551311       -164.95174699186066     
         912  -4.2855511496066505        2.9745751410065573       -105.26710782146854     
         913  -4.3965853360498999        2.6507457580031049       -162.63186689485806     
         914  -4.4113163539332136        2.4684236760033582       -190.15098039743901     
         915  -4.4871057884136789        2.3038198180726628       -221.24476069272777     
         916  -4.4699075611821542        2.3388904273819024       -214.51485092539818     
         917  -4.4500061914761071        2.4399078093648807       -198.09365938579666     
         918  -4.3421592363252870        2.7416429964218301       -144.20393714829322     
         919  -4.1958682902968851        3.2078626246022779       -62.972038519674690     
         920  -4.1822588564963059        3.2478797910574331       -55.894357074594375     
         921  -4.1978585551405034        3.2834630310322854       -52.371006942606897     
         922  -4.1713339837249066        3.3901249473034332       -34.481133190883313     
         923  -4.0513530849810175        3.7719037606150962        32.056787156600407     
         924  -4.1881761396705635        3.4348808301436673       -29.771651236844257     
         925  -4.0567701656829565        3.8487066395435194        42.486918933323722     
         926  -4.1158339723043271        3.6175746856492985        3.5616877148690342     
         927  -4.1792921062375461        3.3506118780777410       -40.921669617246835     
         928  -4.0818975644799282        3.7677356952801855        28.406901301721206     
         929  -4.2684600129581298        3.1244512699817202       -82.147118588736845     
         930  -4.2548836147238447        3.1509527601426335       -77.003551599463449     
         931  -4.3473410000229986        2.8291468630306129       -132.22156114538188     
         932  -4.3614283304322683        2.8134716259561898       -135.86961376836925     
         933  -4.3716789121463870        2.7715644280513656       -142.88141449761298     
         934  -4.3006540595232030        3.2143044480757705       -72.530354946094050     
         935  -4.3375199924650181        3.0472396721308277       -100.08334480383878     
         936  -4.2284927494271258        3.4924841281858798       -25.574269635042008     
         937  -4.2746920298426776        3.1421518736059646       -80.241662616584932     
         938  -4.2416579780888801        3.2311774976164820       -64.220311153988277     
         939  -4.2345341347636030        3.2391090389350481       -62.374849490236791     
         940  -4.2308783784351007        3.3762512975768137       -42.417522622848466     
         941  -4.2283623100009837        3.3371354965812543       -47.753887350231139     
         942  -4.4263166652273025        2.6000140315920572       -172.85238929989106     
         943  -4.4385327695900028        2.4539179671576759       -194.94486608392998     
         944  -4.4795835284375611        2.2444419288311259       -228.97509030105013     
         945  -4.4935504678166414        2.1263665104450595       -247.23970115125334     
         946  -4.4034943661042441        2.4309550869375172       -194.72143719537672     
         947  -4.4530540176651847        2.1593474889545661       -238.47848777760663     
         948  -4.4681884198538384        2.1655717061711295       -239.10275410839159     
         949  -4.4402437513700308        2.3851403983510373       -204.94133123430967     
         950  -4.4369059399559720        2.4428477828245927       -196.36363802525318     
         951  -4.2596586912870942        3.1284372809043175       -80.697556289833486     
         952  -4.3225011085464038        2.9799541944747494       -108.19366750570263     
         953  -4.3286689053617797        2.9440777059845082       -113.93565982870332     
         954  -4.2251554148932220        3.2616983128458221       -58.209938373088526     
         955  -4.2459686713124958        3.2040581312253229       -68.525575675087183     
         956  -4.2157163313544759        3.2912093776613496       -53.050163616995832     
         957  -4.2029401425965718        3.2608585548557958       -56.108376570569952     
         958  -4.2494612655383284        3.0182316372258171       -95.421477097599606     
         959  -4.2581000170064298        2.9341576673375855       -108.29591937129987     
         960  -4.3469498798266315        2.7403864686511548       -144.86250546566737     
         961  -4.3612522429177041        2.7552393340501165       -144.17090386063731     
         962  -4.3530675814650941        2.7689774713872226       -141.38984666721831     
         963  -4.2611758343926995        2.9803163103905232       -102.00940924522148     
         964  -4.2413654122134199        3.0425065820745401       -91.144042501005572     
         965  -4.3473356956579501        2.6458419012811221       -158.40745381594681     
         966  -4.4251290284689482        2.3935298787964552       -202.23136173771343     
         967  -4.4196665308433687        2.4097144868004703       -199.37302511743877     
         968  -4.5864800175001781        1.8975084334997490       -289.22666711179392     
         969  -4.4462736924814683        2.3733497151231702       -207.22870866372008     
         970  -4.3968955012620192        2.5221883434879064       -181.02822834681277     
         971  -4.5468030223175679        2.0490260450754567       -263.61359451128931     
         972  -4.5368321404198380        2.0167503416034354       -267.22732110323363     
         973  -4.4880329379019894        2.2403756478079142       -230.40092853652339     
         974  -4.4718840920193363        2.2462976165550712       -227.94004841294989     
         975  -4.4851148700583101        2.2231171106859966       -232.57462705528644     
         976  -4.3993641119481985        2.6104657857191986       -168.66402623953246     
         977  -4.4057019111476343        2.6303751508123714       -166.45361114616543     
         978  -4.3664046122254465        2.7604593049941095       -143.94043065655529     
         979  -4.2854294455227624        3.0627578922623995       -92.657401519388316     
         980  -4.3542306156346502        2.7509576692298419       -144.08040753522832     
         981  -4.2950452797465930        3.0366772350040083       -97.344793121541841     
         982  -4.2784322423214709        3.0549402226162279       -93.074491148712440     
         983  -4.2367270796621117        3.3732438246004648       -43.432031742171361     
         984  -4.1831831770347838        3.4778592874162877       -23.132575362892254     
         985  -4.2221214365484325        3.2057371104227057       -65.900998027625732     
         986  -4.2391380615431089        3.0841188211692838       -84.976701849010752     
         987  -4.2813673552931899        2.8890753670421345       -117.06298181361163     
         988  -4.2919148331780770        3.0319084227680575       -97.713007355540185     
         989  -4.1271556643218963        3.6824893458733010        11.703041402255570     
         990  -4.1251285024178079        3.7147426249323079        16.513368886808433     
         991  -4.2130635799041940        3.3455081220103748       -45.027924993534675     
         992  -4.2740032433872832        3.1438514150160346       -79.929992341035089     
         993  -4.2110590701170185        3.4537737813203115       -29.360951256254666     
         994  -4.0920444866117744        3.9994682797229428        60.496864008931325     
         995  -4.0361025825679331        4.1701390405741030        90.472591677767070     
         996  -4.1527039572158646        3.6209413452074752       0.35564058916986063     
         997  -4.2694423498098466        3.2517519204058347       -64.059545070462505     
         998  -4.4102928815647084        2.6917851522364264       -158.13985084157838     
         999  -4.3738360605464042        2.8923259317430938       -125.84548595308128     
